[MUST] Unknown environment option MUST_DISABLE_TSAN_ONREPORT=1 is ignored
[MUST] MUST configuration ... distributed checks without application crash handling
[MUST] Information: overwritting old intermediate data in directory "/tmp/tmp.SCf1cZ19j4"!
[MUST] Using prebuilt infrastructure at /home/yo30qaqy/.cache/must/prebuilds/651129c018b63f1b57587bcde7b7ece3
[MUST] Weaver ... success
[MUST] Generating P^nMPI configuration ... success
[MUST] Infrastructure in "/home/yo30qaqy/.cache/must/prebuilds/651129c018b63f1b57587bcde7b7ece3" is present and used.
[MUST] Search for linked P^nMPI ... not found ... using LD_PRELOAD to load P^nMPI ... success
[MUST] Note: Full ThreadSanitizer support requires the application to be built with either a GNU-based compiler in version 9 to 11 or an LLVM-based compiler in version 6 or later.
[MUST] Note: MPI RMA support requires the application to be built with Clang >= 15.
[MUST] Executing application:
/usr/bin/llvm-symbolizer-19: error: '/dev/shm/osc_sm.logc0002.ae8c0001.0.11 (deleted)': No such file or directory
==================
[1m[31mWARNING: ThreadSanitizer: data race (pid=2001044)
[1m[0m[1m[34m  Read of size 4 at 0x7fa2cdb01000 by thread T14:
[1m[0m    #0 main.omp_outlined_debug__ /home/yo30qaqy/data-race-detection-benchmark-suite/results-20250730-140308/MUST/hybrid/005-MPI-hybrid-ordered-local-no.c:54:51 (005-MPI-hybrid-ordered-local-no.c.exe-must+0xe6b70) (BuildId: 1073d04a554686b6d6c6cd4e30f0da1dc9157c40)
    #1 main.omp_outlined /home/yo30qaqy/data-race-detection-benchmark-suite/results-20250730-140308/MUST/hybrid/005-MPI-hybrid-ordered-local-no.c:44:1 (005-MPI-hybrid-ordered-local-no.c.exe-must+0xe6c45) (BuildId: 1073d04a554686b6d6c6cd4e30f0da1dc9157c40)
    #2 __kmp_invoke_microtask <null> (libomp.so.5+0xe2f88) (BuildId: f563fa174bd100d29baad91b5a627c9f1f687f6e)

[1m[34m  Previous write of size 4 at 0x7fa2cdb01000 by thread T4:
[1m[0m    #0 <null> <null> (0x7f45a02ec0c1)
    #1 <null> <null> (0xfffffffffffffff)
    #2 <null> <null> (0x00000fffffff)
    #3 <null> <null> (0x000100000000)
    #4 <null> <null> (0x000100000007)
    #5 main.omp_outlined_debug__ /home/yo30qaqy/data-race-detection-benchmark-suite/results-20250730-140308/MUST/hybrid/005-MPI-hybrid-ordered-local-no.c:51:21 (005-MPI-hybrid-ordered-local-no.c.exe-must+0xe6b38) (BuildId: 1073d04a554686b6d6c6cd4e30f0da1dc9157c40)

[1m[32m  Location is global '??' at 0x7fa2cdb00000 (osc_sm.logc0002.ae8c0001.0.11 (deleted)+0x1000)

[1m[0m[1m[36m  Thread T14 (tid=2001079, running) created by main thread at:
[1m[0m    #0 pthread_create <null> (005-MPI-hybrid-ordered-local-no.c.exe-must+0x62ed5) (BuildId: 1073d04a554686b6d6c6cd4e30f0da1dc9157c40)
    #1 <null> <null> (libomp.so.5+0xbaf27) (BuildId: f563fa174bd100d29baad91b5a627c9f1f687f6e)
    #2 <null> <null> (libc.so.6+0x29ca7) (BuildId: a9c7c322a0d31942d458fed29db458df49262b9a)

[1m[36m  Thread T4 'RMAFiber' (tid=0, running) created by thread T3 at:
[1m[0m    #0 must::OriginChecks::OriginChecks(char const*) <null> (liboriginChecks.so+0xd481) (BuildId: a6e4323a364e79bf1125e4b6955dd3f2cfa6be93)

SUMMARY: ThreadSanitizer: data race /home/yo30qaqy/data-race-detection-benchmark-suite/results-20250730-140308/MUST/hybrid/005-MPI-hybrid-ordered-local-no.c:54:51 in main.omp_outlined_debug__
==================
win_base[0] is 0
win_base[0] is 0
Process 0: Execution finished, variable contents: value = 1, value2 = 2, win_base[0] = 0
Process 1: Execution finished, variable contents: value = 1, value2 = 2, win_base[0] = 0
[MUST-REPORT] MUST detected no MPI usage errors nor any suspicious behavior during this application run.
ThreadSanitizer: reported 1 warnings
[MUST] Execution finished.
