

--------------------------------------------------------------------------------------------------------------
Static Verification of Data Races:
--------------------------------------------------------------------------------------------------------------

results-20250730-140308/SPMDIR/conflict/006-MPI-conflict-get-put-local-yes.c:41:9: warning: put operation/call may access the same memory as the previous operation without proper synch. (Data Race)
        MPI_Put(&value, 1, MPI_INT, 1, 0, 1, MPI_INT, win);
        ^
results-20250730-140308/SPMDIR/conflict/006-MPI-conflict-get-put-local-yes.c:41:9: note: see current operation: %error_4 = "spmd.put"(%10, %c1_i64, %3, %c1_i64, %c1_i32, %win, %c0_i64, %c1_i64, %3, %c1_i64) <{isAtomic = true, isBlocking = false, usedModel = 0 : i32}> {spmd.executedBy = array<i32: 0>, spmd.executionKind = "Static"} : (!llvm.ptr, i64, !spmd.datatype, i64, i32, !spmd.win, i64, i64, !spmd.datatype, i64) -> !spmd.error


Previous operation:

results-20250730-140308/SPMDIR/conflict/006-MPI-conflict-get-put-local-yes.c:39:9: warning: get operation/call
        MPI_Get(&value, 1, MPI_INT, 1, 0, 1, MPI_INT, win);
        ^
results-20250730-140308/SPMDIR/conflict/006-MPI-conflict-get-put-local-yes.c:39:9: note: see current operation: %error_3 = "spmd.get"(%10, %c1_i64, %3, %c1_i64, %c1_i32, %win, %c0_i64, %c1_i64, %3, %c1_i64) <{isAtomic = true, isBlocking = false, usedModel = 0 : i32}> {spmd.executedBy = array<i32: 0>, spmd.executionKind = "Static"} : (!llvm.ptr, i64, !spmd.datatype, i64, i32, !spmd.win, i64, i64, !spmd.datatype, i64) -> !spmd.error


With the alias values:
Causing Access on: %10
Previous Access on: %10


On the orignal value:
Operand: %10


Defined by:
<unknown>:0: warning: alloca
<unknown>:0: note: see current operation: %10 = llvm.alloca %c1_i32 x i32 {alignment = 4 : i64, spmd.executionKind = "All"} : (i32) -> !llvm.ptr

--------------------------------------------------------------------------------------------------------------



