

--------------------------------------------------------------------------------------------------------------
Static Verification of Data Races:
--------------------------------------------------------------------------------------------------------------

results-20250730-140308/SPMDIR/conflict/011-MPI-conflict-gacc-load-local-yes.c:41:33: warning: load operation/call may access the same memory as the previous operation without proper synch. (Data Race)
        printf("value is %d\n", value);
                                ^
results-20250730-140308/SPMDIR/conflict/011-MPI-conflict-gacc-load-local-yes.c:41:33: note: see current operation: %25 = llvm.load %12 {alignment = 4 : i64, spmd.executedBy = array<i32: 0>, spmd.executionKind = "Static", tbaa = [#llvm.tbaa_tag<base_type = <id = "int", members = {<#llvm.tbaa_type_desc<id = "omnipotent char", members = {<#llvm.tbaa_root<id = "Simple C/C++ TBAA">, 0>}>, 0>}>, access_type = <id = "int", members = {<#llvm.tbaa_type_desc<id = "omnipotent char", members = {<#llvm.tbaa_root<id = "Simple C/C++ TBAA">, 0>}>, 0>}>, offset = 0>]} : !llvm.ptr -> i32


Previous operation:

results-20250730-140308/SPMDIR/conflict/011-MPI-conflict-gacc-load-local-yes.c:39:9: warning: getAccumulate operation/call
        MPI_Get_accumulate(&value2, 1, MPI_INT, &value, 1, MPI_INT, 1, 0, 1, MPI_INT, MPI_SUM, win);
        ^
results-20250730-140308/SPMDIR/conflict/011-MPI-conflict-gacc-load-local-yes.c:39:9: note: see current operation: %error_3 = "spmd.getAccumulate"(%13, %c1_i64, %4, %c1_i64, %12, %c1_i64, %4, %c1_i64, %c1_i32, %win, %c0_i64, %c1_i64, %4, %c1_i64, %5) <{isAtomic = true, isBlocking = false, usedModel = 0 : i32}> {spmd.executedBy = array<i32: 0>, spmd.executionKind = "Static"} : (!llvm.ptr, i64, !spmd.datatype, i64, !llvm.ptr, i64, !spmd.datatype, i64, i32, !spmd.win, i64, i64, !spmd.datatype, i64, !spmd.op) -> !spmd.error


With the alias values:
Causing Access on: %12
Previous Access on: %12


On the orignal value:
Operand: %12


Defined by:
<unknown>:0: warning: alloca
<unknown>:0: note: see current operation: %12 = llvm.alloca %c1_i32 x i32 {alignment = 4 : i64, spmd.executionKind = "All"} : (i32) -> !llvm.ptr

--------------------------------------------------------------------------------------------------------------



