[MUST] Unknown environment option MUST_DISABLE_TSAN_ONREPORT=1 is ignored
[MUST] MUST configuration ... distributed checks without application crash handling
[MUST] Information: overwritting old intermediate data in directory "/tmp/tmp.QtKkohR8nh"!
[MUST] Using prebuilt infrastructure at /home/yo30qaqy/.cache/must/prebuilds/752224b6452974e853065e8ca52c91ce
[MUST] Weaver ... success
[MUST] Generating P^nMPI configuration ... success
[MUST] Infrastructure in "/home/yo30qaqy/.cache/must/prebuilds/752224b6452974e853065e8ca52c91ce" is present and used.
[MUST] Search for linked P^nMPI ... not found ... using LD_PRELOAD to load P^nMPI ... success
[MUST] Note: Full ThreadSanitizer support requires the application to be built with either a GNU-based compiler in version 9 to 11 or an LLVM-based compiler in version 6 or later.
[MUST] Note: MPI RMA support requires the application to be built with Clang >= 15.
[MUST] Executing application:
/usr/bin/llvm-symbolizer-19: error: '[stack]': No such file or directory
==================
[1m[31mWARNING: ThreadSanitizer: data race (pid=2224505)
[1m[0m[1m[34m  Read of size 4 at 0x7ffff58b9578 by thread T4:
[1m[0m    #0 <null> <null> (0xfeb340a011d1)
    #1 <null> <null> (0xfffffffffffffff)
    #2 <null> <null> (0x00000fffffff)
    #3 <null> <null> (0x000100000000)
    #4 <null> <null> (0x000100000007)
    #5 main /home/yo30qaqy/data-race-detection-benchmark-suite/results-20250730-140308/SPMDIR-MUST/rma+nonrma/012-MPI-coll-put-ireduce-local-yes.c:42:9 (012-MPI-coll-put-ireduce-local-yes.c.exe-must+0xe68c3) (BuildId: 32791a7156617c64d66c986e9dff8826411b49c1)

[1m[34m  Previous write of size 4 at 0x7ffff58b9578 by thread T14:
[1m[0m    #0 MPI_Ireduce <null> (libpnmpi.so+0x8d570) (BuildId: 1b73837cf83c78082966586ef45277b17343017b)
    #1 main /home/yo30qaqy/data-race-detection-benchmark-suite/results-20250730-140308/SPMDIR-MUST/rma+nonrma/012-MPI-coll-put-ireduce-local-yes.c:39:5 (012-MPI-coll-put-ireduce-local-yes.c.exe-must+0xe688d) (BuildId: 32791a7156617c64d66c986e9dff8826411b49c1)

[1m[32m  Location is stack of main thread.

[1m[0m[1m[32m  Location is global '??' at 0x7ffff5899000 ([stack]+0x20578)

[1m[0m[1m[36m  Thread T4 'RMAFiber' (tid=0, running) created by thread T3 at:
[1m[0m    #0 must::OriginChecks::OriginChecks(char const*) <null> (liboriginChecks.so+0xd481) (BuildId: a6e4323a364e79bf1125e4b6955dd3f2cfa6be93)

[1m[36m  Thread T14 'Request from call MPI_Ireduce' (tid=0, finished) created by main thread at:
[1m[0m    #0 must::MpiTSanAnnotations::makeBlocksActive(unsigned long, unsigned long, must::MustMemIntervalListType const&, long) <null> (libmpiTSanAnnotations.so+0x172b0) (BuildId: 4b8fda56fcd0a6362187e56177347bd44720908c)
    #1 MPI_Ireduce <null> (libpnmpi.so+0x8d570) (BuildId: 1b73837cf83c78082966586ef45277b17343017b)
    #2 main /home/yo30qaqy/data-race-detection-benchmark-suite/results-20250730-140308/SPMDIR-MUST/rma+nonrma/012-MPI-coll-put-ireduce-local-yes.c:39:5 (012-MPI-coll-put-ireduce-local-yes.c.exe-must+0xe688d) (BuildId: 32791a7156617c64d66c986e9dff8826411b49c1)

SUMMARY: ThreadSanitizer: data race (<unknown module>) 
==================
Process 1: Execution finished, variable contents: value = 1, value2 = 2, win_base[0] = 4
Process 0: Execution finished, variable contents: value = 4, value2 = 2, win_base[0] = 0
[MUST-REPORT] MUST detected no MPI usage errors nor any suspicious behavior during this application run.
ThreadSanitizer: reported 1 warnings
[MUST] Execution finished.
