[MUST] Unknown environment option MUST_DISABLE_TSAN_ONREPORT=1 is ignored
[MUST] MUST configuration ... distributed checks without application crash handling
[MUST] Information: overwritting old intermediate data in directory "/tmp/tmp.2690raexcn"!
[MUST] Using prebuilt infrastructure at /home/yo30qaqy/.cache/must/prebuilds/5dea4e371384d15a125b8f9f8c610645
[MUST] Weaver ... success
[MUST] Generating P^nMPI configuration ... success
[MUST] Infrastructure in "/home/yo30qaqy/.cache/must/prebuilds/5dea4e371384d15a125b8f9f8c610645" is present and used.
[MUST] Search for linked P^nMPI ... not found ... using LD_PRELOAD to load P^nMPI ... success
[MUST] Note: Full ThreadSanitizer support requires the application to be built with either a GNU-based compiler in version 9 to 11 or an LLVM-based compiler in version 6 or later.
[MUST] Note: MPI RMA support requires the application to be built with Clang >= 15.
[MUST] Executing application:
/usr/bin/llvm-symbolizer-19: error: '[stack]': No such file or directory
==================
[1m[31mWARNING: ThreadSanitizer: data race (pid=2077463)
[1m[0m[1m[34m  Read of size 4 at 0x7ffe5f25b318 by thread T4:
[1m[0m    #0 <null> <null> (0xff8a6d2eb1d1)
    #1 <null> <null> (0xfffffffffffffff)
    #2 <null> <null> (0x00000fffffff)
    #3 <null> <null> (0x000100000000)
    #4 <null> <null> (0x000100000006)
    #5 main /home/yo30qaqy/data-race-detection-benchmark-suite/results-20250730-140308/CoVer-MUST/conflict/002-MPI-conflict-put-store-local-yes.c:39:9 (002-MPI-conflict-put-store-local-yes.c.exe-must+0xe687c) (BuildId: 90cd5c694ef900559be51784ee46a6d63fd7a8d2)

[1m[34m  Previous write of size 4 at 0x7ffe5f25b318 by main thread:
[1m[0m    #0 main /home/yo30qaqy/data-race-detection-benchmark-suite/results-20250730-140308/CoVer-MUST/conflict/002-MPI-conflict-put-store-local-yes.c:41:15 (002-MPI-conflict-put-store-local-yes.c.exe-must+0xe6898) (BuildId: 90cd5c694ef900559be51784ee46a6d63fd7a8d2)

[1m[32m  Location is stack of main thread.

[1m[0m[1m[32m  Location is global '??' at 0x7ffe5f23b000 ([stack]+0x20318)

[1m[0m[1m[36m  Thread T4 'RMAFiber' (tid=0, running) created by thread T3 at:
[1m[0m    #0 must::OriginChecks::OriginChecks(char const*) <null> (liboriginChecks.so+0xd481) (BuildId: a6e4323a364e79bf1125e4b6955dd3f2cfa6be93)

SUMMARY: ThreadSanitizer: data race (<unknown module>) 
==================
Process 1: Execution finished, variable contents: value = 1, value2 = 2, win_base[0] = 1
Process 0: Execution finished, variable contents: value = 42, value2 = 2, win_base[0] = 0
[MUST-REPORT] MUST detected no MPI usage errors nor any suspicious behavior during this application run.
ThreadSanitizer: reported 1 warnings
[MUST] Execution finished.
