[MUST] Unknown environment option MUST_DISABLE_TSAN_ONREPORT=1 is ignored
[MUST] MUST configuration ... distributed checks without application crash handling
[MUST] Information: overwritting old intermediate data in directory "/tmp/tmp.x68bQvAVQR"!
[MUST] Using prebuilt infrastructure at /home/yo30qaqy/.cache/must/prebuilds/5dea4e371384d15a125b8f9f8c610645
[MUST] Weaver ... success
[MUST] Generating P^nMPI configuration ... success
[MUST] Infrastructure in "/home/yo30qaqy/.cache/must/prebuilds/5dea4e371384d15a125b8f9f8c610645" is present and used.
[MUST] Search for linked P^nMPI ... not found ... using LD_PRELOAD to load P^nMPI ... success
[MUST] Note: Full ThreadSanitizer support requires the application to be built with either a GNU-based compiler in version 9 to 11 or an LLVM-based compiler in version 6 or later.
[MUST] Note: MPI RMA support requires the application to be built with Clang >= 15.
[MUST] Executing application:
/usr/bin/llvm-symbolizer-19: error: '[stack]': No such file or directory
==================
[1m[31mWARNING: ThreadSanitizer: data race (pid=2085930)
[1m[0m[1m[34m  Read of size 4 at 0x7ffe3ae5d788 by thread T5:
[1m[0m    #0 <null> <null> (0xff1266f24f21)
    #1 <null> <null> (0xfffffffffffffff)
    #2 <null> <null> (0x00000fffffff)
    #3 <null> <null> (0x000100000000)
    #4 <null> <null> (0x000100000006)
    #5 main /home/yo30qaqy/data-race-detection-benchmark-suite/results-20250730-140308/CoVer-MUST/conflict/012-MPI-conflict-fop-store-local-yes.c:39:9 (012-MPI-conflict-fop-store-local-yes.c.exe-must+0xe6877) (BuildId: ad5134d8d7c396119ac7f3924b27d49d92e91193)

[1m[34m  Previous write of size 4 at 0x7ffe3ae5d788 by main thread:
[1m[0m    #0 main /home/yo30qaqy/data-race-detection-benchmark-suite/results-20250730-140308/CoVer-MUST/conflict/012-MPI-conflict-fop-store-local-yes.c:41:15 (012-MPI-conflict-fop-store-local-yes.c.exe-must+0xe6893) (BuildId: ad5134d8d7c396119ac7f3924b27d49d92e91193)

[1m[32m  Location is stack of main thread.

[1m[0m[1m[32m  Location is global '??' at 0x7ffe3ae3e000 ([stack]+0x1f788)

[1m[0m[1m[36m  Thread T5 'RMAFiber' (tid=0, running) created by thread T3 at:
[1m[0m    #0 must::OriginChecks::OriginChecks(char const*) <null> (liboriginChecks.so+0xd481) (BuildId: a6e4323a364e79bf1125e4b6955dd3f2cfa6be93)

SUMMARY: ThreadSanitizer: data race (<unknown module>) 
==================
Process 0: Execution finished, variable contents: value = 42, value2 = 0, win_base[0] = 0
Process 1: Execution finished, variable contents: value = 1, value2 = 2, win_base[0] = 1
[MUST-REPORT] MUST detected no MPI usage errors nor any suspicious behavior during this application run.
ThreadSanitizer: reported 1 warnings
[MUST] Execution finished.
