

--------------------------------------------------------------------------------------------------------------
Static Verification of Data Races:
--------------------------------------------------------------------------------------------------------------

results-20250730-140308/SPMDIR/rma+nonrma/012-MPI-coll-put-ireduce-local-yes.c:42:9: warning: put operation/call may access the same memory as the previous operation without proper synch. (Data Race)
        MPI_Put(&value, 1, MPI_INT, 1, 0, 1, MPI_INT, win);
        ^
results-20250730-140308/SPMDIR/rma+nonrma/012-MPI-coll-put-ireduce-local-yes.c:42:9: note: see current operation: %error_5 = "spmd.put"(%11, %c1_i64, %3, %c1_i64, %c1_i32, %win, %c0_i64, %c1_i64, %3, %c1_i64) <{isAtomic = true, isBlocking = false, usedModel = 0 : i32}> {spmd.executedBy = array<i32: 0>, spmd.executionKind = "Static"} : (!llvm.ptr, i64, !spmd.datatype, i64, i32, !spmd.win, i64, i64, !spmd.datatype, i64) -> !spmd.error


Previous operation:

results-20250730-140308/SPMDIR/rma+nonrma/012-MPI-coll-put-ireduce-local-yes.c:39:5: warning: reduce operation/call
    MPI_Ireduce(&value2, &value, 1, MPI_INT, MPI_SUM, 0, MPI_COMM_WORLD, &req);
    ^
results-20250730-140308/SPMDIR/rma+nonrma/012-MPI-coll-put-ireduce-local-yes.c:39:5: note: see current operation: %req, %error_2 = "spmd.reduce"(%2, %12, %11, %c1_i64, %3, %4, %c0_i32) <{isBlocking = false, usedModel = 0 : i32}> {spmd.executionKind = "All"} : (!spmd.comm, !llvm.ptr, !llvm.ptr, i64, !spmd.datatype, !spmd.op, i32) -> (!spmd.req, !spmd.error)


With the alias values:
Causing Access on: %11
Previous Access on: %11


On the orignal value:
Operand: %11


Defined by:
<unknown>:0: warning: alloca
<unknown>:0: note: see current operation: %11 = llvm.alloca %c1_i32 x i32 {alignment = 4 : i64, spmd.executionKind = "All"} : (i32) -> !llvm.ptr

--------------------------------------------------------------------------------------------------------------



