[MUST] Unknown environment option MUST_DISABLE_TSAN_ONREPORT=1 is ignored
[MUST] MUST configuration ... distributed checks without application crash handling
[MUST] Information: overwritting old intermediate data in directory "/tmp/tmp.aJfujXkpuO"!
[MUST] Using prebuilt infrastructure at /home/yo30qaqy/.cache/must/prebuilds/651129c018b63f1b57587bcde7b7ece3
[MUST] Weaver ... success
[MUST] Generating P^nMPI configuration ... success
[MUST] Infrastructure in "/home/yo30qaqy/.cache/must/prebuilds/651129c018b63f1b57587bcde7b7ece3" is present and used.
[MUST] Search for linked P^nMPI ... not found ... using LD_PRELOAD to load P^nMPI ... success
[MUST] Note: Full ThreadSanitizer support requires the application to be built with either a GNU-based compiler in version 9 to 11 or an LLVM-based compiler in version 6 or later.
[MUST] Note: MPI RMA support requires the application to be built with Clang >= 15.
[MUST] Executing application:
/usr/bin/llvm-symbolizer-19: error: '[stack]': No such file or directory
==================
[1m[31mWARNING: ThreadSanitizer: data race (pid=1938184)
[1m[0m[1m[34m  Read of size 4 at 0x7ffcc01989e4 by thread T4:
[1m[0m    #0 <null> <null> (0xff093ad511d1)
    #1 <null> <null> (0xfffffffffffffff)
    #2 <null> <null> (0x00000fffffff)
    #3 <null> <null> (0x000100000000)
    #4 <null> <null> (0x000100000006)
    #5 main /home/yo30qaqy/data-race-detection-benchmark-suite/results-20250730-140308/MUST/conflict/002-MPI-conflict-put-store-local-yes.c:39:9 (002-MPI-conflict-put-store-local-yes.c.exe-must+0xe67a1) (BuildId: 8221e21a86f4455f74aa92aa6c3d4726af64f6b1)

[1m[34m  Previous write of size 4 at 0x7ffcc01989e4 by main thread:
[1m[0m    #0 main /home/yo30qaqy/data-race-detection-benchmark-suite/results-20250730-140308/MUST/conflict/002-MPI-conflict-put-store-local-yes.c:41:15 (002-MPI-conflict-put-store-local-yes.c.exe-must+0xe67aa) (BuildId: 8221e21a86f4455f74aa92aa6c3d4726af64f6b1)

[1m[32m  Location is stack of main thread.

[1m[0m[1m[32m  Location is global '??' at 0x7ffcc0179000 ([stack]+0x1f9e4)

[1m[0m[1m[36m  Thread T4 'RMAFiber' (tid=0, running) created by thread T3 at:
[1m[0m    #0 must::OriginChecks::OriginChecks(char const*) <null> (liboriginChecks.so+0xd481) (BuildId: a6e4323a364e79bf1125e4b6955dd3f2cfa6be93)

SUMMARY: ThreadSanitizer: data race (<unknown module>) 
==================
Process 1: Execution finished, variable contents: value = 1, value2 = 2, win_base[0] = 1
Process 0: Execution finished, variable contents: value = 42, value2 = 2, win_base[0] = 0
[MUST-REPORT] MUST detected no MPI usage errors nor any suspicious behavior during this application run.
ThreadSanitizer: reported 1 warnings
[MUST] Execution finished.
