[MUST] Unknown environment option MUST_DISABLE_TSAN_ONREPORT=1 is ignored
[MUST] MUST configuration ... distributed checks without application crash handling
[MUST] Information: overwritting old intermediate data in directory "/tmp/tmp.vwAkZr2Qir"!
[MUST] Using prebuilt infrastructure at /home/yo30qaqy/.cache/must/prebuilds/651129c018b63f1b57587bcde7b7ece3
[MUST] Weaver ... success
[MUST] Generating P^nMPI configuration ... success
[MUST] Infrastructure in "/home/yo30qaqy/.cache/must/prebuilds/651129c018b63f1b57587bcde7b7ece3" is present and used.
[MUST] Search for linked P^nMPI ... not found ... using LD_PRELOAD to load P^nMPI ... success
[MUST] Note: Full ThreadSanitizer support requires the application to be built with either a GNU-based compiler in version 9 to 11 or an LLVM-based compiler in version 6 or later.
[MUST] Note: MPI RMA support requires the application to be built with Clang >= 15.
[MUST] Executing application:
/usr/bin/llvm-symbolizer-19: error: '[stack]': No such file or directory
==================
[1m[31mWARNING: ThreadSanitizer: data race (pid=1942984)
[1m[0m[1m[34m  Read of size 4 at 0x7fff350dac64 by thread T5:
[1m[0m    #0 <null> <null> (0xfe62ec3fd1d1)
    #1 <null> <null> (0xfffffffffffffff)
    #2 <null> <null> (0x00000fffffff)
    #3 <null> <null> (0x000100000000)
    #4 <null> <null> (0x000100000007)
    #5 main /home/yo30qaqy/data-race-detection-benchmark-suite/results-20250730-140308/MUST/conflict/006-MPI-conflict-get-put-local-yes.c:41:9 (006-MPI-conflict-get-put-local-yes.c.exe-must+0xe67eb) (BuildId: 6261ddd9b9c0bd46b61fd6386a992b58e50398fc)

[1m[34m  Previous write of size 4 at 0x7fff350dac64 by thread T4:
[1m[0m    #0 <null> <null> (0x7e62ec3f40c1)
    #1 <null> <null> (0xfffffffffffffff)
    #2 <null> <null> (0x00000fffffff)
    #3 <null> <null> (0x000100000000)
    #4 <null> <null> (0x000100000006)
    #5 main /home/yo30qaqy/data-race-detection-benchmark-suite/results-20250730-140308/MUST/conflict/006-MPI-conflict-get-put-local-yes.c:39:9 (006-MPI-conflict-get-put-local-yes.c.exe-must+0xe67b1) (BuildId: 6261ddd9b9c0bd46b61fd6386a992b58e50398fc)

[1m[32m  Location is stack of main thread.

[1m[0m[1m[32m  Location is global '??' at 0x7fff350bb000 ([stack]+0x1fc64)

[1m[0m[1m[36m  Thread T5 'RMAFiber' (tid=0, running) created by thread T3 at:
[1m[0m    #0 must::OriginChecks::OriginChecks(char const*) <null> (liboriginChecks.so+0xd481) (BuildId: a6e4323a364e79bf1125e4b6955dd3f2cfa6be93)

[1m[36m  Thread T4 'RMAFiber' (tid=0, running) created by thread T3 at:
[1m[0m    #0 must::OriginChecks::OriginChecks(char const*) <null> (liboriginChecks.so+0xd481) (BuildId: a6e4323a364e79bf1125e4b6955dd3f2cfa6be93)

SUMMARY: ThreadSanitizer: data race (<unknown module>) 
==================
Process 1: Execution finished, variable contents: value = 1, value2 = 2, win_base[0] = 0
Process 0: Execution finished, variable contents: value = 0, value2 = 2, win_base[0] = 0
[MUST-REPORT] Error: from: call MPI_Put@0: Found RMA data race (overlapping accesses) on rank 1 originating from rank 0
[MUST-REPORT] Representative location:
[MUST-REPORT] main at /home/yo30qaqy/data-race-detection-benchmark-suite/results-20250730-140308/MUST/conflict/006-MPI-conflict-get-put-local-yes.c:41
[MUST-REPORT] 
[MUST-REPORT] References of a representative process:
[MUST-REPORT] Reference 1: call MPI_Put@rank 0, threadid 1;main at /home/yo30qaqy/data-race-detection-benchmark-suite/results-20250730-140308/MUST/conflict/006-MPI-conflict-get-put-local-yes.c:41
[MUST-REPORT] 
[MUST-REPORT] Reference 2: call MPI_Get@rank 0, threadid 1;main at /home/yo30qaqy/data-race-detection-benchmark-suite/results-20250730-140308/MUST/conflict/006-MPI-conflict-get-put-local-yes.c:39
[MUST-REPORT] 
[MUST-REPORT] 
ThreadSanitizer: reported 1 warnings
[MUST] Execution finished.
