[MUST] Unknown environment option MUST_DISABLE_TSAN_ONREPORT=1 is ignored
[MUST] MUST configuration ... distributed checks without application crash handling
[MUST] Information: overwritting old intermediate data in directory "/tmp/tmp.TxCmy06brz"!
[MUST] Using prebuilt infrastructure at /home/yo30qaqy/.cache/must/prebuilds/752224b6452974e853065e8ca52c91ce
[MUST] Weaver ... success
[MUST] Generating P^nMPI configuration ... success
[MUST] Infrastructure in "/home/yo30qaqy/.cache/must/prebuilds/752224b6452974e853065e8ca52c91ce" is present and used.
[MUST] Search for linked P^nMPI ... not found ... using LD_PRELOAD to load P^nMPI ... success
[MUST] Note: Full ThreadSanitizer support requires the application to be built with either a GNU-based compiler in version 9 to 11 or an LLVM-based compiler in version 6 or later.
[MUST] Note: MPI RMA support requires the application to be built with Clang >= 15.
[MUST] Executing application:
[MUST-REPORT] Error: from: call MPI_Isend@1: Lost send of rank 1 to rank 0 (both as ranks in MPI_COMM_WORLD) tag is 0! (Information on communicator:MPI_COMM_WORLD)
[MUST-REPORT] 
[MUST-REPORT] Representative location:
[MUST-REPORT] main at /home/yo30qaqy/data-race-detection-benchmark-suite/results-20250730-145557/SPMDIR-MUST/P2P/Correct-mpi_mrecv-001.c:43
[MUST-REPORT] 
[MUST-REPORT] 
[MUST-REPORT] Information: from: call MPI_Finalize@0: The following MPI functions were used but are not supported by MUST: 
[MUST-REPORT] MPI_Mprobe
[MUST-REPORT] MPI_Mrecv
[MUST-REPORT] 
[MUST-REPORT] Representative location:
[MUST-REPORT] main at /home/yo30qaqy/data-race-detection-benchmark-suite/results-20250730-145557/SPMDIR-MUST/P2P/Correct-mpi_mrecv-001.c:48
[MUST-REPORT] 
[MUST-REPORT] References of a representative process:
[MUST-REPORT] Reference 1: call MPI_Mprobe@rank 0, threadid 1;main at /home/yo30qaqy/data-race-detection-benchmark-suite/results-20250730-145557/SPMDIR-MUST/P2P/Correct-mpi_mrecv-001.c:39
[MUST-REPORT] 
[MUST-REPORT] Reference 2: call MPI_Mrecv@rank 0, threadid 1;main at /home/yo30qaqy/data-race-detection-benchmark-suite/results-20250730-145557/SPMDIR-MUST/P2P/Correct-mpi_mrecv-001.c:40
[MUST-REPORT] 
[MUST-REPORT] 
Rank 1 finished normally
Rank 0 finished normally
[MUST] Execution finished.
