[MUST] Unknown environment option MUST_DISABLE_TSAN_ONREPORT=1 is ignored
[MUST] MUST configuration ... distributed checks without application crash handling
[MUST] Information: overwritting old intermediate data in directory "/tmp/tmp.4H25ESA7yN"!
[MUST] Using prebuilt infrastructure at /home/yo30qaqy/.cache/must/prebuilds/5dea4e371384d15a125b8f9f8c610645
[MUST] Weaver ... success
[MUST] Generating P^nMPI configuration ... success
[MUST] Infrastructure in "/home/yo30qaqy/.cache/must/prebuilds/5dea4e371384d15a125b8f9f8c610645" is present and used.
[MUST] Search for linked P^nMPI ... not found ... using LD_PRELOAD to load P^nMPI ... success
[MUST] Note: Full ThreadSanitizer support requires the application to be built with either a GNU-based compiler in version 9 to 11 or an LLVM-based compiler in version 6 or later.
[MUST] Note: MPI RMA support requires the application to be built with Clang >= 15.
[MUST] Executing application:
/usr/bin/llvm-symbolizer-19: error: '[stack]': No such file or directory
==================
[1m[31mWARNING: ThreadSanitizer: data race (pid=2136960)
[1m[0m[1m[34m  Read of size 4 at 0x7ffe2ca47ee4 by thread T4:
[1m[0m    #0 <null> <null> (0xff4b3f7f71d1)
    #1 <null> <null> (0xfffffffffffffff)
    #2 <null> <null> (0x00000fffffff)
    #3 <null> <null> (0x000100000000)
    #4 <null> <null> (0x000100000006)
    #5 main /home/yo30qaqy/data-race-detection-benchmark-suite/results-20250730-140308/CoVer-MUST/static/036-MPI-static-index-loop-local-yes.c:43:13 (036-MPI-static-index-loop-local-yes.c.exe-must+0xe68a5) (BuildId: 51c1be7d02c5154938359bf6cea333276b0db0c9)

[1m[34m  Previous write of size 4 at 0x7ffe2ca47ee4 by main thread:
[1m[0m    #0 main /home/yo30qaqy/data-race-detection-benchmark-suite/results-20250730-140308/CoVer-MUST/static/036-MPI-static-index-loop-local-yes.c:45:26 (036-MPI-static-index-loop-local-yes.c.exe-must+0xe68e0) (BuildId: 51c1be7d02c5154938359bf6cea333276b0db0c9)

[1m[32m  Location is stack of main thread.

[1m[0m[1m[32m  Location is global '??' at 0x7ffe2ca29000 ([stack]+0x1eee4)

[1m[0m[1m[36m  Thread T4 'RMAFiber' (tid=0, running) created by thread T3 at:
[1m[0m    #0 must::OriginChecks::OriginChecks(char const*) <null> (liboriginChecks.so+0xd481) (BuildId: a6e4323a364e79bf1125e4b6955dd3f2cfa6be93)

SUMMARY: ThreadSanitizer: data race (<unknown module>) 
==================
==================
[1m[31mWARNING: ThreadSanitizer: data race (pid=2136960)
[1m[0m[1m[34m  Read of size 4 at 0x7ffe2ca47ee8 by thread T5:
[1m[0m    #0 <null> <null> (0xff4b3f7f71d1)
    #1 <null> <null> (0xfffffffffffffff)
    #2 <null> <null> (0x00000fffffff)
    #3 <null> <null> (0x000100000000)
    #4 <null> <null> (0x000200000006)
    #5 main /home/yo30qaqy/data-race-detection-benchmark-suite/results-20250730-140308/CoVer-MUST/static/036-MPI-static-index-loop-local-yes.c:43:13 (036-MPI-static-index-loop-local-yes.c.exe-must+0xe68a5) (BuildId: 51c1be7d02c5154938359bf6cea333276b0db0c9)

[1m[34m  Previous write of size 4 at 0x7ffe2ca47ee8 by main thread:
[1m[0m    #0 main /home/yo30qaqy/data-race-detection-benchmark-suite/results-20250730-140308/CoVer-MUST/static/036-MPI-static-index-loop-local-yes.c:45:26 (036-MPI-static-index-loop-local-yes.c.exe-must+0xe68e0) (BuildId: 51c1be7d02c5154938359bf6cea333276b0db0c9)

[1m[32m  Location is stack of main thread.

[1m[0m[1m[32m  Location is global '??' at 0x7ffe2ca29000 ([stack]+0x1eee8)

[1m[0m[1m[36m  Thread T5 'RMAFiber' (tid=0, running) created by thread T3 at:
[1m[0m    #0 must::OriginChecks::OriginChecks(char const*) <null> (liboriginChecks.so+0xd481) (BuildId: a6e4323a364e79bf1125e4b6955dd3f2cfa6be93)

SUMMARY: ThreadSanitizer: data race (<unknown module>) 
==================
==================
[1m[31mWARNING: ThreadSanitizer: data race (pid=2136960)
[1m[0m[1m[34m  Read of size 4 at 0x7ffe2ca47ef0 by thread T7:
[1m[0m    #0 <null> <null> (0xff4b3f7f71d1)
    #1 <null> <null> (0xfffffffffffffff)
    #2 <null> <null> (0x00000fffffff)
    #3 <null> <null> (0x000100000000)
    #4 <null> <null> (0x000400000006)
    #5 main /home/yo30qaqy/data-race-detection-benchmark-suite/results-20250730-140308/CoVer-MUST/static/036-MPI-static-index-loop-local-yes.c:43:13 (036-MPI-static-index-loop-local-yes.c.exe-must+0xe68a5) (BuildId: 51c1be7d02c5154938359bf6cea333276b0db0c9)

[1m[34m  Previous write of size 4 at 0x7ffe2ca47ef0 by main thread:
[1m[0m    #0 main /home/yo30qaqy/data-race-detection-benchmark-suite/results-20250730-140308/CoVer-MUST/static/036-MPI-static-index-loop-local-yes.c:45:26 (036-MPI-static-index-loop-local-yes.c.exe-must+0xe68e0) (BuildId: 51c1be7d02c5154938359bf6cea333276b0db0c9)

[1m[32m  Location is stack of main thread.

[1m[0m[1m[32m  Location is global '??' at 0x7ffe2ca29000 ([stack]+0x1eef0)

[1m[0m[1m[36m  Thread T7 'RMAFiber' (tid=0, running) created by thread T3 at:
[1m[0m    #0 must::OriginChecks::OriginChecks(char const*) <null> (liboriginChecks.so+0xd481) (BuildId: a6e4323a364e79bf1125e4b6955dd3f2cfa6be93)

SUMMARY: ThreadSanitizer: data race (<unknown module>) 
==================
==================
[1m[31mWARNING: ThreadSanitizer: data race (pid=2136960)
[1m[0m[1m[34m  Read of size 4 at 0x7ffe2ca47ef8 by thread T9:
[1m[0m    #0 <null> <null> (0xff4b3f7f71d1)
    #1 <null> <null> (0xfffffffffffffff)
    #2 <null> <null> (0x00000fffffff)
    #3 <null> <null> (0x000100000000)
    #4 <null> <null> (0x000600000006)
    #5 main /home/yo30qaqy/data-race-detection-benchmark-suite/results-20250730-140308/CoVer-MUST/static/036-MPI-static-index-loop-local-yes.c:43:13 (036-MPI-static-index-loop-local-yes.c.exe-must+0xe68a5) (BuildId: 51c1be7d02c5154938359bf6cea333276b0db0c9)

[1m[34m  Previous write of size 4 at 0x7ffe2ca47ef8 by main thread:
[1m[0m    #0 main /home/yo30qaqy/data-race-detection-benchmark-suite/results-20250730-140308/CoVer-MUST/static/036-MPI-static-index-loop-local-yes.c:45:26 (036-MPI-static-index-loop-local-yes.c.exe-must+0xe68e0) (BuildId: 51c1be7d02c5154938359bf6cea333276b0db0c9)

[1m[32m  Location is stack of main thread.

[1m[0m[1m[32m  Location is global '??' at 0x7ffe2ca29000 ([stack]+0x1eef8)

[1m[0m[1m[36m  Thread T9 'RMAFiber' (tid=0, running) created by thread T3 at:
[1m[0m    #0 must::OriginChecks::OriginChecks(char const*) <null> (liboriginChecks.so+0xd481) (BuildId: a6e4323a364e79bf1125e4b6955dd3f2cfa6be93)

SUMMARY: ThreadSanitizer: data race (<unknown module>) 
==================
==================
[1m[31mWARNING: ThreadSanitizer: data race (pid=2136960)
[1m[0m[1m[34m  Read of size 4 at 0x7ffe2ca47f00 by thread T11:
[1m[0m    #0 <null> <null> (0xff4b3f7f71d1)
    #1 <null> <null> (0xfffffffffffffff)
    #2 <null> <null> (0x00000fffffff)
    #3 <null> <null> (0x000100000000)
    #4 <null> <null> (0x000800000006)
    #5 main /home/yo30qaqy/data-race-detection-benchmark-suite/results-20250730-140308/CoVer-MUST/static/036-MPI-static-index-loop-local-yes.c:43:13 (036-MPI-static-index-loop-local-yes.c.exe-must+0xe68a5) (BuildId: 51c1be7d02c5154938359bf6cea333276b0db0c9)

[1m[34m  Previous write of size 4 at 0x7ffe2ca47f00 by main thread:
[1m[0m    #0 main /home/yo30qaqy/data-race-detection-benchmark-suite/results-20250730-140308/CoVer-MUST/static/036-MPI-static-index-loop-local-yes.c:45:26 (036-MPI-static-index-loop-local-yes.c.exe-must+0xe68e0) (BuildId: 51c1be7d02c5154938359bf6cea333276b0db0c9)

[1m[32m  Location is stack of main thread.

[1m[0m[1m[32m  Location is global '??' at 0x7ffe2ca29000 ([stack]+0x1ef00)

[1m[0m[1m[36m  Thread T11 'RMAFiber' (tid=0, running) created by thread T3 at:
[1m[0m    #0 must::OriginChecks::OriginChecks(char const*) <null> (liboriginChecks.so+0xd481) (BuildId: a6e4323a364e79bf1125e4b6955dd3f2cfa6be93)

SUMMARY: ThreadSanitizer: data race (<unknown module>) 
==================
Process 0: Execution finished, variable contents: win_base = 0, localbuf = 1
Process 1: Execution finished, variable contents: win_base = 0, localbuf = 0
[MUST-REPORT] MUST detected no MPI usage errors nor any suspicious behavior during this application run.
ThreadSanitizer: reported 5 warnings
[MUST] Execution finished.
