

--------------------------------------------------------------------------------------------------------------
Static Verification of Data Races:
--------------------------------------------------------------------------------------------------------------

results-20250730-145557/SPMDIR/RMA/LocalConcurrency-lockallflushlocal-get_accumulate_rget-001.c:51:24: warning: get operation/call may access the same memory as the previous operation without proper synch. (Data Race)
    /*MBBERROR_BEGIN*/ MPI_Rget(buf, 10, MPI_INT, 0, 0, 10, MPI_INT, mpi_win_0,
                       ^
results-20250730-145557/SPMDIR/RMA/LocalConcurrency-lockallflushlocal-get_accumulate_rget-001.c:51:24: note: see current operation: %req, %error_3 = "spmd.get"(%21, %c10_i64, %3, %c1_i64, %c0_i32, %win, %c0_i64, %c10_i64, %3, %c1_i64) <{isAtomic = true, isBlocking = false, usedModel = 0 : i32}> {spmd.executedBy = array<i32: 0>, spmd.executionKind = "Static"} : (!llvm.ptr, i64, !spmd.datatype, i64, i32, !spmd.win, i64, i64, !spmd.datatype, i64) -> (!spmd.req, !spmd.error)


Previous operation:

results-20250730-145557/SPMDIR/RMA/LocalConcurrency-lockallflushlocal-get_accumulate_rget-001.c:48:24: warning: getAccumulate operation/call
    /*MBBERROR_BEGIN*/ MPI_Get_accumulate(buf, 10, MPI_INT, int_0, 10, MPI_INT,
                       ^
results-20250730-145557/SPMDIR/RMA/LocalConcurrency-lockallflushlocal-get_accumulate_rget-001.c:48:24: note: see current operation: %error_2 = "spmd.getAccumulate"(%21, %c10_i64, %3, %c1_i64, %22, %c10_i64, %3, %c1_i64, %c1_i32, %win, %c0_i64, %c10_i64, %3, %c1_i64, %4) <{isAtomic = true, isBlocking = false, usedModel = 0 : i32}> {spmd.executedBy = array<i32: 0>, spmd.executionKind = "Static"} : (!llvm.ptr, i64, !spmd.datatype, i64, !llvm.ptr, i64, !spmd.datatype, i64, i32, !spmd.win, i64, i64, !spmd.datatype, i64, !spmd.op) -> !spmd.error


With the alias values:
Causing Access on: %21
Previous Access on: %21


On the orignal value:
Operand: %21


Defined by:
results-20250730-145557/SPMDIR/RMA/LocalConcurrency-lockallflushlocal-get_accumulate_rget-001.c:44:23: warning: call
    int *buf = (int *)calloc(10, sizeof(int));
                      ^
results-20250730-145557/SPMDIR/RMA/LocalConcurrency-lockallflushlocal-get_accumulate_rget-001.c:44:23: note: see current operation: %21 = llvm.call @calloc(%c10_i64, %c4_i64) {memory_effects = #llvm.memory_effects<other = none, argMem = none, inaccessibleMem = readwrite>, no_unwind, spmd.executedBy = array<i32: 0>, spmd.executionKind = "Static", will_return} : (i64, i64) -> !llvm.ptr

--------------------------------------------------------------------------------------------------------------



