

--------------------------------------------------------------------------------------------------------------
Static Verification of Data Races:
--------------------------------------------------------------------------------------------------------------

results-20250730-145557/SPMDIR/RMA/LocalConcurrency-lockunlock-put_bufwrite-001.c:46:31: warning: store operation/call may access the same memory as the previous operation without proper synch. (Data Race)
    /*MBBERROR_BEGIN*/ buf[0] = 42;        /*MBBERROR_END*/
                              ^
results-20250730-145557/SPMDIR/RMA/LocalConcurrency-lockunlock-put_bufwrite-001.c:46:31: note: see current operation: llvm.store %c42_i32, %18 {alignment = 4 : i64, spmd.executedBy = array<i32: 0>, spmd.executionKind = "Static", tbaa = [#llvm.tbaa_tag<base_type = <id = "int", members = {<#llvm.tbaa_type_desc<id = "omnipotent char", members = {<#llvm.tbaa_root<id = "Simple C/C++ TBAA">, 0>}>, 0>}>, access_type = <id = "int", members = {<#llvm.tbaa_type_desc<id = "omnipotent char", members = {<#llvm.tbaa_root<id = "Simple C/C++ TBAA">, 0>}>, 0>}>, offset = 0>]} : i32, !llvm.ptr


Previous operation:

results-20250730-145557/SPMDIR/RMA/LocalConcurrency-lockunlock-put_bufwrite-001.c:44:24: warning: put operation/call
    /*MBBERROR_BEGIN*/ MPI_Put(buf, 10, MPI_INT, 1, 0, 10, MPI_INT,
                       ^
results-20250730-145557/SPMDIR/RMA/LocalConcurrency-lockunlock-put_bufwrite-001.c:44:24: note: see current operation: %error_2 = "spmd.put"(%18, %c10_i64, %4, %c1_i64, %c1_i32, %win, %c0_i64, %c10_i64, %4, %c1_i64) <{isAtomic = true, isBlocking = false, usedModel = 0 : i32}> {spmd.executedBy = array<i32: 0>, spmd.executionKind = "Static"} : (!llvm.ptr, i64, !spmd.datatype, i64, i32, !spmd.win, i64, i64, !spmd.datatype, i64) -> !spmd.error


With the alias values:
Causing Access on: %18
Previous Access on: %18


On the orignal value:
Operand: %18


Defined by:
results-20250730-145557/SPMDIR/RMA/LocalConcurrency-lockunlock-put_bufwrite-001.c:42:23: warning: call
    int *buf = (int *)calloc(10, sizeof(int));
                      ^
results-20250730-145557/SPMDIR/RMA/LocalConcurrency-lockunlock-put_bufwrite-001.c:42:23: note: see current operation: %18 = llvm.call @calloc(%c10_i64, %c4_i64) {memory_effects = #llvm.memory_effects<other = none, argMem = none, inaccessibleMem = readwrite>, no_unwind, spmd.executedBy = array<i32: 0>, spmd.executionKind = "Static", will_return} : (i64, i64) -> !llvm.ptr

--------------------------------------------------------------------------------------------------------------



