Running Contract Manager on Module: /tmp/contrPlugin_i2HMKs
CoVer: Parsed contracts after 0.001202s
## Contract violation detected! ##
--> Function: MPI_Rget
--> Contract: CONTRACT{PRE { call_tag!(mpi_init) MSG "Missing Initialization call" } POST { call_tag!(mpi_finalize) MSG "Missing Finalization call", ( no! (read!(*0)) until! (call_tag!(rma_complete,$:7)) | no! (read!(*0)) until! (call_tag!(req_complete,$:8)) ) MSG "Local Data Race - Local read", ( no! (call_tag!(buf_read,$:0)) until! (call_tag!(rma_complete,$:7)) | no! (call_tag!(buf_read,$:0)) until! (call_tag!(req_complete,$:8)) ) MSG "Local Data Race - Local read by MPI call", ( no! (write!(*0)) until! (call_tag!(rma_complete,$:7)) | no! (write!(*0)) until! (call_tag!(req_complete,$:8)) ) MSG "Local Data Race - Local write", ( no! (call_tag!(buf_write,$:0)) until! (call_tag!(rma_complete,$:7)) | no! (call_tag!(buf_write,$:0)) until! (call_tag!(req_complete,$:8)) ) MSG "Local Data Race - Local write by MPI call" } TAGS { request_gen(8), buf_write(0) }}
--> Postcondition Subformula Status: Violated
    --> Formula String: (no!(write!(*0))until!(call_tag!(rma_complete,$:7))|no!(write!(*0))until!(call_tag!(req_complete,$:8)))MSG"Local Data Race - Local write"
    --> Message: Local Data Race - Local write
    --> Error Info:
        No children satisfied for subformula: (no!(write!(*0))until!(call_tag!(rma_complete,$:7))|no!(write!(*0))until!(call_tag!(req_complete,$:8)))MSG"Local Data Race - Local write"
        Error Info for child: no!(write!(*0))until!(call_tag!(rma_complete,$:7))
        Found store at /home/yo30qaqy/data-race-detection-benchmark-suite/results-20250730-145557/CoVer/RMA/LocalConcurrency-fence-rget_bufwrite-001.c:47:31 which is in conflict with MPI_Rget at /home/yo30qaqy/data-race-detection-benchmark-suite/results-20250730-145557/CoVer/RMA/LocalConcurrency-fence-rget_bufwrite-001.c:45:24 before release
        Error Info for child: no!(write!(*0))until!(call_tag!(req_complete,$:8))
        Found store at /home/yo30qaqy/data-race-detection-benchmark-suite/results-20250730-145557/CoVer/RMA/LocalConcurrency-fence-rget_bufwrite-001.c:47:31 which is in conflict with MPI_Rget at /home/yo30qaqy/data-race-detection-benchmark-suite/results-20250730-145557/CoVer/RMA/LocalConcurrency-fence-rget_bufwrite-001.c:45:24 before release

## Contract violation detected! ##
--> Function: MPI_Wait
--> Contract: CONTRACT{PRE { call_tag!(mpi_init) MSG "Missing Initialization call", call_tag!(request_gen,$:0) MSG "Unmatched Wait" } POST { call_tag!(mpi_finalize) MSG "Missing Finalization call" } TAGS { req_complete(0) }}
--> Precondition Subformula Status: Violated
    --> Formula String: call_tag!(request_gen,$:0)
    --> Message: Unmatched Wait
    --> Error Info:
        [ContractVerifierPreCall] Did not find precall function request_gen (Tag) with required parameters before MPI_Wait at /home/yo30qaqy/data-race-detection-benchmark-suite/results-20250730-145557/CoVer/RMA/LocalConcurrency-fence-rget_bufwrite-001.c:51:5

CoVer: Total Tool Runtime 0.001729s

