Running Contract Manager on Module: /tmp/contrPlugin_SFu4Xv
CoVer: Parsed contracts after 0.001429s
## Contract violation detected! ##
--> Function: MPI_Rput
--> Contract: CONTRACT{PRE { call_tag!(mpi_init) MSG "Missing Initialization call" } POST { call_tag!(mpi_finalize) MSG "Missing Finalization call", ( no! (write!(*0)) until! (call_tag!(rma_complete,$:7)) | no! (write!(*0)) until! (call_tag!(req_complete,$:8)) ) MSG "Local Data Race - Local write", ( no! (call_tag!(buf_write,$:0)) until! (call_tag!(rma_complete,$:7)) | no! (call_tag!(buf_write,$:0)) until! (call_tag!(req_complete,$:8)) ) MSG "Local Data Race - Local write by MPI call" } TAGS { request_gen(8), buf_read(0) }}
--> Postcondition Subformula Status: Violated
    --> Formula String: (no!(call_tag!(buf_write,$:0))until!(call_tag!(rma_complete,$:7))|no!(call_tag!(buf_write,$:0))until!(call_tag!(req_complete,$:8)))MSG"Local Data Race - Local write by MPI call"
    --> Message: Local Data Race - Local write by MPI call
    --> Error Info:
        No children satisfied for subformula: (no!(call_tag!(buf_write,$:0))until!(call_tag!(rma_complete,$:7))|no!(call_tag!(buf_write,$:0))until!(call_tag!(req_complete,$:8)))MSG"Local Data Race - Local write by MPI call"
        Error Info for child: no!(call_tag!(buf_write,$:0))until!(call_tag!(rma_complete,$:7))
        Found call to MPI_Get at /home/yo30qaqy/data-race-detection-benchmark-suite/results-20250730-145557/CoVer/RMA/LocalConcurrency-lockallflushlocal-rput_get-001.c:47:24 which is in conflict with MPI_Rput at /home/yo30qaqy/data-race-detection-benchmark-suite/results-20250730-145557/CoVer/RMA/LocalConcurrency-lockallflushlocal-rput_get-001.c:45:24 before release
        Error Info for child: no!(call_tag!(buf_write,$:0))until!(call_tag!(req_complete,$:8))
        Found call to MPI_Get at /home/yo30qaqy/data-race-detection-benchmark-suite/results-20250730-145557/CoVer/RMA/LocalConcurrency-lockallflushlocal-rput_get-001.c:47:24 which is in conflict with MPI_Rput at /home/yo30qaqy/data-race-detection-benchmark-suite/results-20250730-145557/CoVer/RMA/LocalConcurrency-lockallflushlocal-rput_get-001.c:45:24 before release

## Contract violation detected! ##
--> Function: MPI_Wait
--> Contract: CONTRACT{PRE { call_tag!(mpi_init) MSG "Missing Initialization call", call_tag!(request_gen,$:0) MSG "Unmatched Wait" } POST { call_tag!(mpi_finalize) MSG "Missing Finalization call" } TAGS { req_complete(0) }}
--> Precondition Subformula Status: Violated
    --> Formula String: call_tag!(request_gen,$:0)
    --> Message: Unmatched Wait
    --> Error Info:
        [ContractVerifierPreCall] Did not find precall function request_gen (Tag) with required parameters before MPI_Wait at /home/yo30qaqy/data-race-detection-benchmark-suite/results-20250730-145557/CoVer/RMA/LocalConcurrency-lockallflushlocal-rput_get-001.c:52:5

CoVer: Total Tool Runtime 0.002137s

