Running Contract Manager on Module: /tmp/contrPlugin_3Ul6Nu
CoVer: Parsed contracts after 0.001382s
## Contract violation detected! ##
--> Function: MPI_Raccumulate
--> Contract: CONTRACT{PRE { call_tag!(mpi_init) MSG "Missing Initialization call" } POST { call_tag!(mpi_finalize) MSG "Missing Finalization call", ( no! (write!(*0)) until! (call_tag!(rma_complete,$:8)) | no! (write!(*0)) until! (call_tag!(req_complete,$:9)) ) MSG "Local Data Race - Local write", ( no! (call_tag!(buf_write,$:0)) until! (call_tag!(rma_complete,$:8)) | no! (call_tag!(buf_write,$:0)) until! (call_tag!(req_complete,$:9)) ) MSG "Local Data Race - Local write by MPI call" } TAGS { request_gen(9), buf_read(0) }}
--> Postcondition Subformula Status: Violated
    --> Formula String: (no!(call_tag!(buf_write,$:0))until!(call_tag!(rma_complete,$:8))|no!(call_tag!(buf_write,$:0))until!(call_tag!(req_complete,$:9)))MSG"Local Data Race - Local write by MPI call"
    --> Message: Local Data Race - Local write by MPI call
    --> Error Info:
        No children satisfied for subformula: (no!(call_tag!(buf_write,$:0))until!(call_tag!(rma_complete,$:8))|no!(call_tag!(buf_write,$:0))until!(call_tag!(req_complete,$:9)))MSG"Local Data Race - Local write by MPI call"
        Error Info for child: no!(call_tag!(buf_write,$:0))until!(call_tag!(rma_complete,$:8))
        Found call to MPI_Rget at /home/yo30qaqy/data-race-detection-benchmark-suite/results-20250730-145557/CoVer/RMA/LocalConcurrency-lockallflushlocal-raccumulate_rget-001.c:49:24 which is in conflict with MPI_Raccumulate at /home/yo30qaqy/data-race-detection-benchmark-suite/results-20250730-145557/CoVer/RMA/LocalConcurrency-lockallflushlocal-raccumulate_rget-001.c:46:24 before release
        Error Info for child: no!(call_tag!(buf_write,$:0))until!(call_tag!(req_complete,$:9))
        Found call to MPI_Rget at /home/yo30qaqy/data-race-detection-benchmark-suite/results-20250730-145557/CoVer/RMA/LocalConcurrency-lockallflushlocal-raccumulate_rget-001.c:49:24 which is in conflict with MPI_Raccumulate at /home/yo30qaqy/data-race-detection-benchmark-suite/results-20250730-145557/CoVer/RMA/LocalConcurrency-lockallflushlocal-raccumulate_rget-001.c:46:24 before release

## Contract violation detected! ##
--> Function: MPI_Wait
--> Contract: CONTRACT{PRE { call_tag!(mpi_init) MSG "Missing Initialization call", call_tag!(request_gen,$:0) MSG "Unmatched Wait" } POST { call_tag!(mpi_finalize) MSG "Missing Finalization call" } TAGS { req_complete(0) }}
--> Precondition Subformula Status: Violated
    --> Formula String: call_tag!(request_gen,$:0)
    --> Message: Unmatched Wait
    --> Error Info:
        [ContractVerifierPreCall] Did not find precall function request_gen (Tag) with required parameters before MPI_Wait at /home/yo30qaqy/data-race-detection-benchmark-suite/results-20250730-145557/CoVer/RMA/LocalConcurrency-lockallflushlocal-raccumulate_rget-001.c:54:5

CoVer: Total Tool Runtime 0.001999s

