Running Contract Manager on Module: /tmp/contrPlugin_y7ko3g
CoVer: Parsed contracts after 0.001603s
## Contract violation detected! ##
--> Function: MPI_Rget_accumulate
--> Contract: CONTRACT{PRE { call_tag!(mpi_init) MSG "Missing Initialization call" } POST { call_tag!(mpi_finalize) MSG "Missing Finalization call", ( no! (write!(*0)) until! (call_tag!(rma_complete,$:11)) | no! (write!(*0)) until! (call_tag!(req_complete,$:12)) ) MSG "Local Data Race - Local write", ( no! (call_tag!(buf_write,$:0)) until! (call_tag!(rma_complete,$:11)) | no! (call_tag!(buf_write,$:0)) until! (call_tag!(req_complete,$:12)) ) MSG "Local Data Race - Local write by MPI call", ( no! (read!(*3)) until! (call_tag!(rma_complete,$:11)) | no! (read!(*3)) until! (call_tag!(req_complete,$:12)) ) MSG "Local Data Race - Local read", ( no! (call_tag!(buf_read,$:3)) until! (call_tag!(rma_complete,$:11)) | no! (call_tag!(buf_read,$:3)) until! (call_tag!(req_complete,$:12)) ) MSG "Local Data Race - Local read by MPI call", ( no! (write!(*3)) until! (call_tag!(rma_complete,$:11)) | no! (write!(*3)) until! (call_tag!(req_complete,$:12)) ) MSG "Local Data Race - Local write", ( no! (call_tag!(buf_write,$:3)) until! (call_tag!(rma_complete,$:11)) | no! (call_tag!(buf_write,$:3)) until! (call_tag!(req_complete,$:12)) ) MSG "Local Data Race - Local write by MPI call" } TAGS { buf_read(0), buf_write(3) }}
--> Postcondition Subformula Status: Violated
    --> Formula String: (no!(call_tag!(buf_write,$:0))until!(call_tag!(rma_complete,$:11))|no!(call_tag!(buf_write,$:0))until!(call_tag!(req_complete,$:12)))MSG"Local Data Race - Local write by MPI call"
    --> Message: Local Data Race - Local write by MPI call
    --> Error Info:
        No children satisfied for subformula: (no!(call_tag!(buf_write,$:0))until!(call_tag!(rma_complete,$:11))|no!(call_tag!(buf_write,$:0))until!(call_tag!(req_complete,$:12)))MSG"Local Data Race - Local write by MPI call"
        Error Info for child: no!(call_tag!(buf_write,$:0))until!(call_tag!(rma_complete,$:11))
        Found call to MPI_Rget at /home/yo30qaqy/data-race-detection-benchmark-suite/results-20250730-145557/CoVer/RMA/LocalConcurrency-lockallflushlocal-rget_accumulate_rget-001.c:52:24 which is in conflict with MPI_Rget_accumulate at /home/yo30qaqy/data-race-detection-benchmark-suite/results-20250730-145557/CoVer/RMA/LocalConcurrency-lockallflushlocal-rget_accumulate_rget-001.c:49:24 before release
        Error Info for child: no!(call_tag!(buf_write,$:0))until!(call_tag!(req_complete,$:12))
        Found call to MPI_Rget at /home/yo30qaqy/data-race-detection-benchmark-suite/results-20250730-145557/CoVer/RMA/LocalConcurrency-lockallflushlocal-rget_accumulate_rget-001.c:52:24 which is in conflict with MPI_Rget_accumulate at /home/yo30qaqy/data-race-detection-benchmark-suite/results-20250730-145557/CoVer/RMA/LocalConcurrency-lockallflushlocal-rget_accumulate_rget-001.c:49:24 before release

## Contract violation detected! ##
--> Function: MPI_Wait
--> Contract: CONTRACT{PRE { call_tag!(mpi_init) MSG "Missing Initialization call", call_tag!(request_gen,$:0) MSG "Unmatched Wait" } POST { call_tag!(mpi_finalize) MSG "Missing Finalization call" } TAGS { req_complete(0) }}
--> Precondition Subformula Status: Violated
    --> Formula String: call_tag!(request_gen,$:0)
    --> Message: Unmatched Wait
    --> Error Info:
        [ContractVerifierPreCall] Did not find precall function request_gen (Tag) with required parameters before MPI_Wait at /home/yo30qaqy/data-race-detection-benchmark-suite/results-20250730-145557/CoVer/RMA/LocalConcurrency-lockallflushlocal-rget_accumulate_rget-001.c:57:5

CoVer: Total Tool Runtime 0.002428s

