Running Contract Manager on Module: /tmp/contrPlugin_ksdzwa
CoVer: Parsed contracts after 0.001132s
## Contract violation detected! ##
--> Function: MPI_Get
--> Contract: CONTRACT{PRE { call_tag!(mpi_init) MSG "Missing Initialization call", ( call_tag!(epoch_fence_create,$:7) MSG "No fence epoch" ^ call_tag!(epoch_lock_create,$:7) MSG "No lock epoch" ^ call_tag!(epoch_pscw_create,$:7) MSG "No PSCW epoch") MSG "Mixed sync or missing epoch", call_tag!(rma_createwin,$:&7) MSG "Window initialization missing" } POST { call_tag!(mpi_finalize) MSG "Missing Finalization call", no! (read!(*0)) until! (call_tag!(rma_complete,$:7)) MSG "Local Data Race - Local read", no! (call_tag!(buf_read,$:0)) until! (call_tag!(rma_complete,$:7)) MSG "Local Data Race - Local read by call", no! (write!(*0)) until! (call_tag!(rma_complete,$:7)) MSG "Local Data Race - Local write", no! (call_tag!(buf_write,$:0)) until! (call_tag!(rma_complete,$:7)) MSG "Local Data Race - Local write by call", no! (call!(MPI_Win_free,0:&7)) until! (call_tag!(rma_complete,$:7)) MSG "Possible inflight call at MPI_Win_free" } TAGS { buf_write(0) }}
--> Precondition Subformula Status: Violated
    --> Formula String: (call_tag!(epoch_fence_create,$:7)MSG"No fence epoch"^call_tag!(epoch_lock_create,$:7)MSG"No lock epoch"^call_tag!(epoch_pscw_create,$:7)MSG"No PSCW epoch")MSG"Mixed sync or missing epoch"
    --> Message: Mixed sync or missing epoch
    --> Error Info:
        No child satisfied for subformula: (call_tag!(epoch_fence_create,$:7)MSG"No fence epoch"^call_tag!(epoch_lock_create,$:7)MSG"No lock epoch"^call_tag!(epoch_pscw_create,$:7)MSG"No PSCW epoch")MSG"Mixed sync or missing epoch"
        Messages from Child: call_tag!(epoch_fence_create,$:7)
        [ContractVerifierPreCall] Did not find precall function epoch_fence_create (Tag) with required parameters before MPI_Get at /home/yo30qaqy/data-race-detection-benchmark-suite/results-20250730-140308/CoVer/static/019-MPI-static-get-get-recursive-local-yes.c:14:5
        Messages from Child: call_tag!(epoch_lock_create,$:7)
        [ContractVerifierPreCall] Did not find precall function epoch_lock_create (Tag) with required parameters before MPI_Get at /home/yo30qaqy/data-race-detection-benchmark-suite/results-20250730-140308/CoVer/static/019-MPI-static-get-get-recursive-local-yes.c:14:5
        Messages from Child: call_tag!(epoch_pscw_create,$:7)
        [ContractVerifierPreCall] Did not find precall function epoch_pscw_create (Tag) with required parameters before MPI_Get at /home/yo30qaqy/data-race-detection-benchmark-suite/results-20250730-140308/CoVer/static/019-MPI-static-get-get-recursive-local-yes.c:14:5
--> Precondition Subformula Status: Violated
    --> Formula String: call_tag!(rma_createwin,$:&7)
    --> Message: Window initialization missing
    --> Error Info:
        [ContractVerifierPreCall] Did not find precall function rma_createwin (Tag) with required parameters before MPI_Get at /home/yo30qaqy/data-race-detection-benchmark-suite/results-20250730-140308/CoVer/static/019-MPI-static-get-get-recursive-local-yes.c:14:5
--> Postcondition Subformula Status: Violated
    --> Formula String: no!(read!(*0))until!(call_tag!(rma_complete,$:7))
    --> Message: Local Data Race - Local read
    --> Error Info:
        Found load at /home/yo30qaqy/data-race-detection-benchmark-suite/results-20250730-140308/CoVer/static/019-MPI-static-get-get-recursive-local-yes.c:58:61 which is in conflict with MPI_Get at /home/yo30qaqy/data-race-detection-benchmark-suite/results-20250730-140308/CoVer/static/019-MPI-static-get-get-recursive-local-yes.c:14:5 before release
--> Postcondition Subformula Status: Violated
    --> Formula String: no!(call_tag!(buf_write,$:0))until!(call_tag!(rma_complete,$:7))
    --> Message: Local Data Race - Local write by call
    --> Error Info:
        Found call to MPI_Get at /home/yo30qaqy/data-race-detection-benchmark-suite/results-20250730-140308/CoVer/static/019-MPI-static-get-get-recursive-local-yes.c:14:5 which is in conflict with MPI_Get at /home/yo30qaqy/data-race-detection-benchmark-suite/results-20250730-140308/CoVer/static/019-MPI-static-get-get-recursive-local-yes.c:14:5 before release

CoVer: Total Tool Runtime 0.002117s

