

--------------------------------------------------------------------------------------------------------------
Static Verification of Data Races:
--------------------------------------------------------------------------------------------------------------

results-20250730-145557/SPMDIR/P2P/LocalConcurrency-send-mpi_bsend_init-001.c:48:31: warning: store operation/call may access the same memory as the previous operation without proper synch. (Data Race)
    /*MBBERROR_BEGIN*/ buf[2] = 1; /*MBBERROR_END*/
                              ^
results-20250730-145557/SPMDIR/P2P/LocalConcurrency-send-mpi_bsend_init-001.c:48:31: note: see current operation: llvm.store %c1_i32, %22 {alignment = 4 : i64, spmd.executedBy = array<i32: 1>, spmd.executionKind = "Static", tbaa = [#llvm.tbaa_tag<base_type = <id = "int", members = {<#llvm.tbaa_type_desc<id = "omnipotent char", members = {<#llvm.tbaa_root<id = "Simple C/C++ TBAA">, 0>}>, 0>}>, access_type = <id = "int", members = {<#llvm.tbaa_type_desc<id = "omnipotent char", members = {<#llvm.tbaa_root<id = "Simple C/C++ TBAA">, 0>}>, 0>}>, offset = 0>]} : i32, !llvm.ptr


Previous operation:

results-20250730-145557/SPMDIR/P2P/LocalConcurrency-send-mpi_bsend_init-001.c:45:24: warning: sendInit operation/call
    /*MBBERROR_BEGIN*/ MPI_Bsend_init(buf, 10, MPI_INT, 0, 0, MPI_COMM_WORLD,
                       ^
results-20250730-145557/SPMDIR/P2P/LocalConcurrency-send-mpi_bsend_init-001.c:45:24: note: see current operation: %req, %error_1 = "spmd.sendInit"(%2, %12, %c10_i64, %3, %c0_i32, %c0_i32) <{isBlocking = false, isBuffered = true, isReadyMode = false, usedModel = 0 : i32}> {spmd.executedBy = array<i32: 1>, spmd.executionKind = "Static"} : (!spmd.comm, !llvm.ptr, i64, !spmd.datatype, i32, i32) -> (!spmd.req, !spmd.error)


With the alias values:
Causing Access on: %22
Previous Access on: %12


On the orignal value:
Operand: %12


Defined by:
results-20250730-145557/SPMDIR/P2P/LocalConcurrency-send-mpi_bsend_init-001.c:34:21: warning: call
  int *buf = (int *)calloc(10, sizeof(int));
                    ^
results-20250730-145557/SPMDIR/P2P/LocalConcurrency-send-mpi_bsend_init-001.c:34:21: note: see current operation: %12 = llvm.call @calloc(%c10_i64, %c4_i64) {memory_effects = #llvm.memory_effects<other = none, argMem = none, inaccessibleMem = readwrite>, no_unwind, spmd.executionKind = "All", will_return} : (i64, i64) -> !llvm.ptr

--------------------------------------------------------------------------------------------------------------



