

--------------------------------------------------------------------------------------------------------------
Static Verification of Data Races:
--------------------------------------------------------------------------------------------------------------

results-20250730-145557/SPMDIR/P2P/LocalConcurrency-send-mpi_irsend-001.c:45:31: warning: store operation/call may access the same memory as the previous operation without proper synch. (Data Race)
    /*MBBERROR_BEGIN*/ buf[2] = 1;                 /*MBBERROR_END*/
                              ^
results-20250730-145557/SPMDIR/P2P/LocalConcurrency-send-mpi_irsend-001.c:45:31: note: see current operation: llvm.store %c1_i32, %16 {alignment = 4 : i64, spmd.executedBy = array<i32: 1>, spmd.executionKind = "Static", tbaa = [#llvm.tbaa_tag<base_type = <id = "int", members = {<#llvm.tbaa_type_desc<id = "omnipotent char", members = {<#llvm.tbaa_root<id = "Simple C/C++ TBAA">, 0>}>, 0>}>, access_type = <id = "int", members = {<#llvm.tbaa_type_desc<id = "omnipotent char", members = {<#llvm.tbaa_root<id = "Simple C/C++ TBAA">, 0>}>, 0>}>, offset = 0>]} : i32, !llvm.ptr


Previous operation:

results-20250730-145557/SPMDIR/P2P/LocalConcurrency-send-mpi_irsend-001.c:43:24: warning: send operation/call
    /*MBBERROR_BEGIN*/ MPI_Irsend(buf, 10, MPI_INT, 0, 0, MPI_COMM_WORLD,
                       ^
results-20250730-145557/SPMDIR/P2P/LocalConcurrency-send-mpi_irsend-001.c:43:24: note: see current operation: %req, %error_2 = "spmd.send"(%2, %11, %c10_i64, %3, %c0_i32, %c0_i32) <{isBlocking = false, isBuffered = false, isReadyMode = true, usedModel = 0 : i32}> {spmd.executedBy = array<i32: 1>, spmd.executionKind = "Static"} : (!spmd.comm, !llvm.ptr, i64, !spmd.datatype, i32, i32) -> (!spmd.req, !spmd.error)


With the alias values:
Causing Access on: %16
Previous Access on: %11


On the orignal value:
Operand: %11


Defined by:
results-20250730-145557/SPMDIR/P2P/LocalConcurrency-send-mpi_irsend-001.c:34:21: warning: call
  int *buf = (int *)calloc(10, sizeof(int));
                    ^
results-20250730-145557/SPMDIR/P2P/LocalConcurrency-send-mpi_irsend-001.c:34:21: note: see current operation: %11 = llvm.call @calloc(%c10_i64, %c4_i64) {memory_effects = #llvm.memory_effects<other = none, argMem = none, inaccessibleMem = readwrite>, no_unwind, spmd.executionKind = "All", will_return} : (i64, i64) -> !llvm.ptr

--------------------------------------------------------------------------------------------------------------



