[MUST] Unknown environment option MUST_DISABLE_TSAN_ONREPORT=1 is ignored
[MUST] MUST configuration ... distributed checks without application crash handling
[MUST] Information: overwritting old intermediate data in directory "/tmp/tmp.colxXI9njm"!
[MUST] Using prebuilt infrastructure at /home/yo30qaqy/.cache/must/prebuilds/752224b6452974e853065e8ca52c91ce
[MUST] Weaver ... success
[MUST] Generating P^nMPI configuration ... success
[MUST] Infrastructure in "/home/yo30qaqy/.cache/must/prebuilds/752224b6452974e853065e8ca52c91ce" is present and used.
[MUST] Search for linked P^nMPI ... not found ... using LD_PRELOAD to load P^nMPI ... success
[MUST] Note: Full ThreadSanitizer support requires the application to be built with either a GNU-based compiler in version 9 to 11 or an LLVM-based compiler in version 6 or later.
[MUST] Note: MPI RMA support requires the application to be built with Clang >= 15.
[MUST] Executing application:
Process 0 finished. Sums: sum0 = 4950, sum1 = 7450
Process 1 finished. Sums: sum0 = 9900, sum1 = 0
[MUST-REPORT] Error: from: call MPI_Win_allocate@0-1: There are 2 windows that are not freed when MPI_Finalize was issued, a quality application should free all MPI resources before calling MPI_Finalize. Listing information for these windows:
[MUST-REPORT] 
[MUST-REPORT]  -Window 1: Window created at reference  1 size=2
[MUST-REPORT] 
[MUST-REPORT]  -Window 2: Window created at reference  2 size=2
[MUST-REPORT] Representative location:
[MUST-REPORT] main at /home/yo30qaqy/data-race-detection-benchmark-suite/results-20250730-140308/SPMDIR-MUST/dynamic/008-MPI-dynamic-win-in-array-local-no.c:29
[MUST-REPORT] 
[MUST-REPORT] References of a representative process:
[MUST-REPORT] Reference 1: call MPI_Win_allocate@rank 0, threadid 1;main at /home/yo30qaqy/data-race-detection-benchmark-suite/results-20250730-140308/SPMDIR-MUST/dynamic/008-MPI-dynamic-win-in-array-local-no.c:29
[MUST-REPORT] 
[MUST-REPORT] Reference 2: call MPI_Win_allocate@rank 0, threadid 1;main at /home/yo30qaqy/data-race-detection-benchmark-suite/results-20250730-140308/SPMDIR-MUST/dynamic/008-MPI-dynamic-win-in-array-local-no.c:28
[MUST-REPORT] 
[MUST-REPORT] 
[MUST] Execution finished.
