[MUST] Unknown environment option MUST_DISABLE_TSAN_ONREPORT=1 is ignored
[MUST] MUST configuration ... distributed checks without application crash handling
[MUST] Information: overwritting old intermediate data in directory "/tmp/tmp.xkbr7eulK5"!
[MUST] Using prebuilt infrastructure at /home/yo30qaqy/.cache/must/prebuilds/651129c018b63f1b57587bcde7b7ece3
[MUST] Weaver ... success
[MUST] Generating P^nMPI configuration ... success
[MUST] Infrastructure in "/home/yo30qaqy/.cache/must/prebuilds/651129c018b63f1b57587bcde7b7ece3" is present and used.
[MUST] Search for linked P^nMPI ... not found ... using LD_PRELOAD to load P^nMPI ... success
[MUST] Note: Full ThreadSanitizer support requires the application to be built with either a GNU-based compiler in version 9 to 11 or an LLVM-based compiler in version 6 or later.
[MUST] Note: MPI RMA support requires the application to be built with Clang >= 15.
[MUST] Executing application:
[MUST-RUNTIME] Could not find TSan sync clock for vector clock value 2
[MUST-RUNTIME] Could not find location for vector clock value 2
/usr/bin/llvm-symbolizer-19: error: '/dev/shm/osc_sm.logc0002.c7800001.0.11 (deleted)': No such file or directory
==================
[1m[31mWARNING: ThreadSanitizer: data race (pid=2074318)
[1m[0m[1m[34m  Write of size 4 at 0x7f011d401028 by thread T15:
[1m[0m    #0 <null> <null> (0xfedbf27a71d1)
    #1 <null> <null> (0xfffffffffffffff)
    #2 <null> <null> (0x000000000001)
    #3 <null> <null> (0x000100000000)
    #4 <null> <null> (0x000100000008)
    #5 main /home/yo30qaqy/data-race-detection-benchmark-suite/results-20250730-140308/MUST/rma+nonrma/013-MPI-coll-put-ireduce-wait-local-no.c:41:9 (013-MPI-coll-put-ireduce-wait-local-no.c.exe-must+0xe680e) (BuildId: 5e688cabd1c1f897acda1194bad4fe44aa711890)

[1m[34m  Previous write of size 4 at 0x7f011d401028 by main thread:
[1m[0m    #0 main /home/yo30qaqy/data-race-detection-benchmark-suite/results-20250730-140308/MUST/rma+nonrma/013-MPI-coll-put-ireduce-wait-local-no.c:33:21 (013-MPI-coll-put-ireduce-wait-local-no.c.exe-must+0xe6753) (BuildId: 5e688cabd1c1f897acda1194bad4fe44aa711890)

[1m[32m  Location is global '??' at 0x7f011d400000 (osc_sm.logc0002.c7800001.0.11 (deleted)+0x1028)

[1m[0m[1m[36m  Thread T15 'rank 0, RMAFiber' (tid=0, running) created by thread T3 at:
[1m[0m    #0 must::TargetChecks::targetOpComplete(unsigned long, unsigned long, unsigned long*, int) <null> (libtargetChecks.so+0xfe7a) (BuildId: a185644cdbac43d8eb28309efdd7e96970f37541)

SUMMARY: ThreadSanitizer: data race (<unknown module>) 
==================
Process 0: Execution finished, variable contents: value = 4, value2 = 2, win_base[0] = 0
Process 1: Execution finished, variable contents: value = 1, value2 = 2, win_base[0] = 4
[MUST-REPORT] MUST detected no MPI usage errors nor any suspicious behavior during this application run.
ThreadSanitizer: reported 1 warnings
[MUST] Execution finished.
