[MUST] Unknown environment option MUST_DISABLE_TSAN_ONREPORT=1 is ignored
[MUST] MUST configuration ... distributed checks without application crash handling
[MUST] Information: overwritting old intermediate data in directory "/tmp/tmp.YDaRkcQFG8"!
[MUST] Using prebuilt infrastructure at /home/yo30qaqy/.cache/must/prebuilds/651129c018b63f1b57587bcde7b7ece3
[MUST] Weaver ... success
[MUST] Generating P^nMPI configuration ... success
[MUST] Infrastructure in "/home/yo30qaqy/.cache/must/prebuilds/651129c018b63f1b57587bcde7b7ece3" is present and used.
[MUST] Search for linked P^nMPI ... not found ... using LD_PRELOAD to load P^nMPI ... success
[MUST] Note: Full ThreadSanitizer support requires the application to be built with either a GNU-based compiler in version 9 to 11 or an LLVM-based compiler in version 6 or later.
[MUST] Note: MPI RMA support requires the application to be built with Clang >= 15.
[MUST] Executing application:
value is 0
/usr/bin/llvm-symbolizer-19: error: '[stack]': No such file or directory
==================
[1m[31mWARNING: ThreadSanitizer: data race (pid=1996443)
[1m[0m[1m[34m  Write of size 4 at 0x7ffd279583c4 by thread T4:
[1m[0m    #0 <null> <null> (0xfe284b47c0c1)
    #1 <null> <null> (0xfffffffffffffff)
    #2 <null> <null> (0x00000fffffff)
    #3 <null> <null> (0x000100000000)
    #4 <null> <null> (0x000100000009)
    #5 main /home/yo30qaqy/data-race-detection-benchmark-suite/results-20250730-140308/MUST/sync/011-MPI-sync-pscw-local-yes.c:49:9 (011-MPI-sync-pscw-local-yes.c.exe-must+0xe6877) (BuildId: e6672242fee1f268897436910e3887645462e867)

[1m[34m  Previous read of size 4 at 0x7ffd279583c4 by main thread:
[1m[0m    #0 main /home/yo30qaqy/data-race-detection-benchmark-suite/results-20250730-140308/MUST/sync/011-MPI-sync-pscw-local-yes.c:51:33 (011-MPI-sync-pscw-local-yes.c.exe-must+0xe6880) (BuildId: e6672242fee1f268897436910e3887645462e867)

[1m[32m  Location is stack of main thread.

[1m[0m[1m[32m  Location is global '??' at 0x7ffd27938000 ([stack]+0x203c4)

[1m[0m[1m[36m  Thread T4 'RMAFiber' (tid=0, running) created by thread T3 at:
[1m[0m    #0 must::OriginChecks::OriginChecks(char const*) <null> (liboriginChecks.so+0xd481) (BuildId: a6e4323a364e79bf1125e4b6955dd3f2cfa6be93)

SUMMARY: ThreadSanitizer: data race (<unknown module>) 
==================
Process 0: Execution finished, variable contents: value = 0, value2 = 2, win_base[0] = 0
Process 1: Execution finished, variable contents: value = 1, value2 = 2, win_base[0] = 0
[MUST-REPORT] Error: from: call MPI_Comm_group@0-1: There are 1 groups that are not freed when MPI_Finalize was issued, a quality application should free all MPI resources before calling MPI_Finalize. Listing information for these groups:
[MUST-REPORT] 
[MUST-REPORT]  -Group 1: Group created at reference  1 size=2
[MUST-REPORT] Representative location:
[MUST-REPORT] main at /home/yo30qaqy/data-race-detection-benchmark-suite/results-20250730-140308/MUST/sync/011-MPI-sync-pscw-local-yes.c:37
[MUST-REPORT] 
[MUST-REPORT] References of a representative process:
[MUST-REPORT] Reference 1: call MPI_Comm_group@rank 1, threadid 1;main at /home/yo30qaqy/data-race-detection-benchmark-suite/results-20250730-140308/MUST/sync/011-MPI-sync-pscw-local-yes.c:37
[MUST-REPORT] 
[MUST-REPORT] 
ThreadSanitizer: reported 1 warnings
[MUST] Execution finished.
