[MUST] Unknown environment option MUST_DISABLE_TSAN_ONREPORT=1 is ignored
[MUST] MUST configuration ... distributed checks without application crash handling
[MUST] Information: overwritting old intermediate data in directory "/tmp/tmp.Mc2VPqCZnS"!
[MUST] Using prebuilt infrastructure at /home/yo30qaqy/.cache/must/prebuilds/752224b6452974e853065e8ca52c91ce
[MUST] Weaver ... success
[MUST] Generating P^nMPI configuration ... success
[MUST] Infrastructure in "/home/yo30qaqy/.cache/must/prebuilds/752224b6452974e853065e8ca52c91ce" is present and used.
[MUST] Search for linked P^nMPI ... not found ... using LD_PRELOAD to load P^nMPI ... success
[MUST] Note: Full ThreadSanitizer support requires the application to be built with either a GNU-based compiler in version 9 to 11 or an LLVM-based compiler in version 6 or later.
[MUST] Note: MPI RMA support requires the application to be built with Clang >= 15.
[MUST] Executing application:
==================
[1m[31mWARNING: ThreadSanitizer: data race (pid=3156575)
[1m[0m[1m[34m  Write of size 4 at 0x72140001cf28 by main thread:
[1m[0m    #0 main /home/yo30qaqy/data-race-detection-benchmark-suite/results-20250730-145557/SPMDIR-MUST/COLL/LocalConcurrency-mpi_iscatter-001.c:40:29 (LocalConcurrency-mpi_iscatter-001.c.exe-must+0xe6822) (BuildId: 0c582c71511ad3d91d8a1610f286d0f79af3f0f9)

[1m[34m  Previous read of size 8 at 0x72140001cf28 by thread T14:
[1m[0m    #0 MPI_Iscatter <null> (libpnmpi.so+0x8ddc0) (BuildId: 1b73837cf83c78082966586ef45277b17343017b)
    #1 main /home/yo30qaqy/data-race-detection-benchmark-suite/results-20250730-145557/SPMDIR-MUST/COLL/LocalConcurrency-mpi_iscatter-001.c:38:22 (LocalConcurrency-mpi_iscatter-001.c.exe-must+0xe67fc) (BuildId: 0c582c71511ad3d91d8a1610f286d0f79af3f0f9)

[1m[32m  Location is heap block of size 80 at 0x72140001cf20 allocated by main thread:
[1m[0m    #0 calloc <null> (LocalConcurrency-mpi_iscatter-001.c.exe-must+0x6151f) (BuildId: 0c582c71511ad3d91d8a1610f286d0f79af3f0f9)
    #1 main /home/yo30qaqy/data-race-detection-benchmark-suite/results-20250730-145557/SPMDIR-MUST/COLL/LocalConcurrency-mpi_iscatter-001.c:34:21 (LocalConcurrency-mpi_iscatter-001.c.exe-must+0xe67a3) (BuildId: 0c582c71511ad3d91d8a1610f286d0f79af3f0f9)

[1m[36m  Thread T14 'Request from call MPI_Iscatter' (tid=0, running) created by main thread at:
[1m[0m    #0 must::MpiTSanAnnotations::makeBlocksActive(unsigned long, unsigned long, must::MustMemIntervalListType const&, long) <null> (libmpiTSanAnnotations.so+0x172b0) (BuildId: 4b8fda56fcd0a6362187e56177347bd44720908c)
    #1 MPI_Iscatter <null> (libpnmpi.so+0x8ddc0) (BuildId: 1b73837cf83c78082966586ef45277b17343017b)
    #2 main /home/yo30qaqy/data-race-detection-benchmark-suite/results-20250730-145557/SPMDIR-MUST/COLL/LocalConcurrency-mpi_iscatter-001.c:38:22 (LocalConcurrency-mpi_iscatter-001.c.exe-must+0xe67fc) (BuildId: 0c582c71511ad3d91d8a1610f286d0f79af3f0f9)

SUMMARY: ThreadSanitizer: data race /home/yo30qaqy/data-race-detection-benchmark-suite/results-20250730-145557/SPMDIR-MUST/COLL/LocalConcurrency-mpi_iscatter-001.c:40:29 in main
==================
[MUST-REPORT] MUST detected no MPI usage errors nor any suspicious behavior during this application run.
Rank 1 finished normally
Rank 0 finished normally
ThreadSanitizer: reported 1 warnings
[MUST] Execution finished.
