[MUST] Unknown environment option MUST_DISABLE_TSAN_ONREPORT=1 is ignored
[MUST] MUST configuration ... distributed checks without application crash handling
[MUST] Information: overwritting old intermediate data in directory "/tmp/tmp.8ENcS7KWfX"!
[MUST] Using prebuilt infrastructure at /home/yo30qaqy/.cache/must/prebuilds/5dea4e371384d15a125b8f9f8c610645
[MUST] Weaver ... success
[MUST] Generating P^nMPI configuration ... success
[MUST] Infrastructure in "/home/yo30qaqy/.cache/must/prebuilds/5dea4e371384d15a125b8f9f8c610645" is present and used.
[MUST] Search for linked P^nMPI ... not found ... using LD_PRELOAD to load P^nMPI ... success
[MUST] Note: Full ThreadSanitizer support requires the application to be built with either a GNU-based compiler in version 9 to 11 or an LLVM-based compiler in version 6 or later.
[MUST] Note: MPI RMA support requires the application to be built with Clang >= 15.
[MUST] Executing application:
win_base[0] is 0
win_base[0] is 0
Process 1: Execution finished, variable contents: value = 1, value2 = 2, win_base[0] = 0
Process 0: Execution finished, variable contents: value = 1, value2 = 2, win_base[0] = 0
[MUST-REPORT] Error: from: call MPI_Win_lock@0: The provided lock type (1) for MPI_Win_lock is invalid.
[MUST-REPORT] Representative location:
[MUST-REPORT] .omp_outlined. at /home/yo30qaqy/data-race-detection-benchmark-suite/results-20250730-140308/CoVer-MUST/hybrid/010-MPI-hybrid-task-local-no.c:69
[MUST-REPORT]  (inlined by) .omp_task_entry. at /home/yo30qaqy/data-race-detection-benchmark-suite/results-20250730-140308/CoVer-MUST/hybrid/010-MPI-hybrid-task-local-no.c:66
[MUST-REPORT] 
[MUST-REPORT] 
[MUST] Execution finished.
