[MUST] Unknown environment option MUST_DISABLE_TSAN_ONREPORT=1 is ignored
[MUST] MUST configuration ... distributed checks without application crash handling
[MUST] Information: overwritting old intermediate data in directory "/tmp/tmp.a0bkXMcPFK"!
[MUST] Using prebuilt infrastructure at /home/yo30qaqy/.cache/must/prebuilds/651129c018b63f1b57587bcde7b7ece3
[MUST] Weaver ... success
[MUST] Generating P^nMPI configuration ... success
[MUST] Infrastructure in "/home/yo30qaqy/.cache/must/prebuilds/651129c018b63f1b57587bcde7b7ece3" is present and used.
[MUST] Search for linked P^nMPI ... not found ... using LD_PRELOAD to load P^nMPI ... success
[MUST] Note: Full ThreadSanitizer support requires the application to be built with either a GNU-based compiler in version 9 to 11 or an LLVM-based compiler in version 6 or later.
[MUST] Note: MPI RMA support requires the application to be built with Clang >= 15.
[MUST] Executing application:
buf is 0
[MUST-REPORT] Warning: from: call MPI_Wait@0: Argument 1 (request) is MPI_REQUEST_NULL was this intended?
[MUST-REPORT] Representative location:
[MUST-REPORT] main at /home/yo30qaqy/data-race-detection-benchmark-suite/results-20250730-145557/MUST/RMA/Correct-rmarequest-rget_bufread-001.c:51
[MUST-REPORT] 
[MUST-REPORT] 
Rank 0 finished normally
Rank 1 finished normally
[MUST] Execution finished.
