[MUST] Unknown environment option MUST_DISABLE_TSAN_ONREPORT=1 is ignored
[MUST] MUST configuration ... distributed checks without application crash handling
[MUST] Information: overwritting old intermediate data in directory "/tmp/tmp.Zuq9bCde4w"!
[MUST] Using prebuilt infrastructure at /home/yo30qaqy/.cache/must/prebuilds/651129c018b63f1b57587bcde7b7ece3
[MUST] Weaver ... success
[MUST] Generating P^nMPI configuration ... success
[MUST] Infrastructure in "/home/yo30qaqy/.cache/must/prebuilds/651129c018b63f1b57587bcde7b7ece3" is present and used.
[MUST] Search for linked P^nMPI ... not found ... using LD_PRELOAD to load P^nMPI ... success
[MUST] Note: Full ThreadSanitizer support requires the application to be built with either a GNU-based compiler in version 9 to 11 or an LLVM-based compiler in version 6 or later.
[MUST] Note: MPI RMA support requires the application to be built with Clang >= 15.
[MUST] Executing application:
==================
[1m[31mWARNING: ThreadSanitizer: data race (pid=2431020)
[1m[0m[1m[34m  Read of size 8 at 0x720c00034aa0 by thread T5:
[1m[0m    #0 <null> <null> (0xfe940f6e7461)
    #1 <null> <null> (0xfffffffffffffff)
    #2 <null> <null> (0x00000fffffff)
    #3 <null> <null> (0x000100000000)
    #4 <null> <null> (0x000100000006)
    #5 main /home/yo30qaqy/data-race-detection-benchmark-suite/results-20250730-145557/MUST/RMA/LocalConcurrency-lockallflushlocal-raccumulate_rget-001.c:46:24 (LocalConcurrency-lockallflushlocal-raccumulate_rget-001.c.exe-must+0xe67af) (BuildId: bc75d64b7adf4bf2d803bc3a6bcf17c985f46605)

[1m[34m  Previous write of size 8 at 0x720c00034aa0 by thread T4:
[1m[0m    #0 <null> <null> (0x7e940f6e8671)
    #1 <null> <null> (0xfffffffffffffff)
    #2 <null> <null> (0x00000fffffff)
    #3 <null> <null> (0x000100000000)
    #4 <null> <null> (0x000100000007)
    #5 main /home/yo30qaqy/data-race-detection-benchmark-suite/results-20250730-145557/MUST/RMA/LocalConcurrency-lockallflushlocal-raccumulate_rget-001.c:49:24 (LocalConcurrency-lockallflushlocal-raccumulate_rget-001.c.exe-must+0xe67f9) (BuildId: bc75d64b7adf4bf2d803bc3a6bcf17c985f46605)

[1m[32m  Location is heap block of size 40 at 0x720c00034aa0 allocated by main thread:
[1m[0m    #0 calloc <null> (LocalConcurrency-lockallflushlocal-raccumulate_rget-001.c.exe-must+0x614ff) (BuildId: bc75d64b7adf4bf2d803bc3a6bcf17c985f46605)
    #1 main /home/yo30qaqy/data-race-detection-benchmark-suite/results-20250730-145557/MUST/RMA/LocalConcurrency-lockallflushlocal-raccumulate_rget-001.c:44:23 (LocalConcurrency-lockallflushlocal-raccumulate_rget-001.c.exe-must+0xe6752) (BuildId: bc75d64b7adf4bf2d803bc3a6bcf17c985f46605)

[1m[36m  Thread T5 'RMAFiber' (tid=0, running) created by thread T3 at:
[1m[0m    #0 must::OriginChecks::OriginChecks(char const*) <null> (liboriginChecks.so+0xd481) (BuildId: a6e4323a364e79bf1125e4b6955dd3f2cfa6be93)

[1m[36m  Thread T4 'RMAFiber' (tid=0, running) created by thread T3 at:
[1m[0m    #0 must::OriginChecks::OriginChecks(char const*) <null> (liboriginChecks.so+0xd481) (BuildId: a6e4323a364e79bf1125e4b6955dd3f2cfa6be93)

SUMMARY: ThreadSanitizer: data race (<unknown module>) 
==================
[MUST-REPORT] MUST detected no MPI usage errors nor any suspicious behavior during this application run.
Rank 1 finished normally
Rank 0 finished normally
ThreadSanitizer: reported 1 warnings
[MUST] Execution finished.
