[MUST] Unknown environment option MUST_DISABLE_TSAN_ONREPORT=1 is ignored
[MUST] MUST configuration ... distributed checks without application crash handling
[MUST] Information: overwritting old intermediate data in directory "/tmp/tmp.D9HoiJTCAL"!
[MUST] Using prebuilt infrastructure at /home/yo30qaqy/.cache/must/prebuilds/651129c018b63f1b57587bcde7b7ece3
[MUST] Weaver ... success
[MUST] Generating P^nMPI configuration ... success
[MUST] Infrastructure in "/home/yo30qaqy/.cache/must/prebuilds/651129c018b63f1b57587bcde7b7ece3" is present and used.
[MUST] Search for linked P^nMPI ... not found ... using LD_PRELOAD to load P^nMPI ... success
[MUST] Note: Full ThreadSanitizer support requires the application to be built with either a GNU-based compiler in version 9 to 11 or an LLVM-based compiler in version 6 or later.
[MUST] Note: MPI RMA support requires the application to be built with Clang >= 15.
[MUST] Executing application:
/usr/bin/llvm-symbolizer-19: error: '/dev/shm/osc_sm.logc0002.8eb0001.0.11 (deleted)': No such file or directory
==================
[1m[31mWARNING: ThreadSanitizer: data race (pid=2056586)
[1m[0m[1m[34m  Write of size 4 at 0x7f8018c03000 by thread T5:
[1m[0m    #0 <null> <null> (0xff0035bc40c1)
    #1 <null> <null> (0xfffffffffffffff)
    #2 <null> <null> (0x00000fffffff)
    #3 <null> <null> (0x000100000000)
    #4 <null> <null> (0x000200000006)
    #5 inefficient_get /home/yo30qaqy/data-race-detection-benchmark-suite/results-20250730-140308/MUST/static/019-MPI-static-get-get-recursive-local-yes.c:14:5 (019-MPI-static-get-get-recursive-local-yes.c.exe-must+0xe6661) (BuildId: f53ee0893ed0f561071939c25219f77b12e3224f)

[1m[34m  Previous write of size 4 at 0x7f8018c03000 by thread T4:
[1m[0m    #0 <null> <null> (0x7f0035bc40c1)
    #1 <null> <null> (0xfffffffffffffff)
    #2 <null> <null> (0x00000fffffff)
    #3 <null> <null> (0x000100000000)
    #4 <null> <null> (0x000100000006)
    #5 inefficient_get /home/yo30qaqy/data-race-detection-benchmark-suite/results-20250730-140308/MUST/static/019-MPI-static-get-get-recursive-local-yes.c:14:5 (019-MPI-static-get-get-recursive-local-yes.c.exe-must+0xe6661) (BuildId: f53ee0893ed0f561071939c25219f77b12e3224f)

[1m[32m  Location is global '??' at 0x7f8018c02000 (osc_sm.logc0002.8eb0001.0.11 (deleted)+0x1000)

[1m[0m[1m[36m  Thread T5 'RMAFiber' (tid=0, running) created by thread T3 at:
[1m[0m    #0 must::OriginChecks::OriginChecks(char const*) <null> (liboriginChecks.so+0xd481) (BuildId: a6e4323a364e79bf1125e4b6955dd3f2cfa6be93)

[1m[36m  Thread T4 'RMAFiber' (tid=0, running) created by thread T3 at:
[1m[0m    #0 must::OriginChecks::OriginChecks(char const*) <null> (liboriginChecks.so+0xd481) (BuildId: a6e4323a364e79bf1125e4b6955dd3f2cfa6be93)

SUMMARY: ThreadSanitizer: data race (<unknown module>) 
==================
Process 1 finished. Array element 1
Process 0 finished. Array element 0
[MUST-REPORT] MUST detected no MPI usage errors nor any suspicious behavior during this application run.
ThreadSanitizer: reported 1 warnings
[MUST] Execution finished.
