[MUST] Unknown environment option MUST_DISABLE_TSAN_ONREPORT=1 is ignored
[MUST] MUST configuration ... distributed checks without application crash handling
[MUST] Information: overwritting old intermediate data in directory "/tmp/tmp.vKkFpfQQKo"!
[MUST] Using prebuilt infrastructure at /home/yo30qaqy/.cache/must/prebuilds/651129c018b63f1b57587bcde7b7ece3
[MUST] Weaver ... success
[MUST] Generating P^nMPI configuration ... success
[MUST] Infrastructure in "/home/yo30qaqy/.cache/must/prebuilds/651129c018b63f1b57587bcde7b7ece3" is present and used.
[MUST] Search for linked P^nMPI ... not found ... using LD_PRELOAD to load P^nMPI ... success
[MUST] Note: Full ThreadSanitizer support requires the application to be built with either a GNU-based compiler in version 9 to 11 or an LLVM-based compiler in version 6 or later.
[MUST] Note: MPI RMA support requires the application to be built with Clang >= 15.
[MUST] Executing application:
/usr/bin/llvm-symbolizer-19: error: '/dev/shm/osc_sm.logc0002.664b0001.0.12 (deleted)': No such file or directory
==================
[1m[31mWARNING: ThreadSanitizer: data race (pid=2061161)
[1m[0m[1m[34m  Write of size 8 at 0x7f881cc01000 by thread T5:
[1m[0m    #0 <null> <null> (0xff103e5920c1)
    #1 <null> <null> (0xfffffffffffffff)
    #2 <null> <null> (0x00000fffffff)
    #3 <null> <null> (0x000100000000)
    #4 <null> <null> (0x00010000000b)
    #5 main /home/yo30qaqy/data-race-detection-benchmark-suite/results-20250730-140308/MUST/static/029-MPI-static-flush-multiple-wins-local-yes.c:49:9 (029-MPI-static-flush-multiple-wins-local-yes.c.exe-must+0xe692f) (BuildId: 4264086a5caadff07847afd6e4754b3a85ec9045)

[1m[34m  Previous read of size 8 at 0x7f881cc01000 by thread T4:
[1m[0m    #0 <null> <null> (0x7f103e59b1d1)
    #1 <null> <null> (0xfffffffffffffff)
    #2 <null> <null> (0x00000fffffff)
    #3 <null> <null> (0x000100000000)
    #4 <null> <null> (0x000100000009)
    #5 main /home/yo30qaqy/data-race-detection-benchmark-suite/results-20250730-140308/MUST/static/029-MPI-static-flush-multiple-wins-local-yes.c:44:9 (029-MPI-static-flush-multiple-wins-local-yes.c.exe-must+0xe68af) (BuildId: 4264086a5caadff07847afd6e4754b3a85ec9045)

[1m[32m  Location is global '??' at 0x7f881cc00000 (osc_sm.logc0002.664b0001.0.12 (deleted)+0x1000)

[1m[0m[1m[36m  Thread T5 'RMAFiber' (tid=0, running) created by thread T3 at:
[1m[0m    #0 must::OriginChecks::OriginChecks(char const*) <null> (liboriginChecks.so+0xd481) (BuildId: a6e4323a364e79bf1125e4b6955dd3f2cfa6be93)

[1m[36m  Thread T4 'RMAFiber' (tid=0, running) created by thread T3 at:
[1m[0m    #0 must::OriginChecks::OriginChecks(char const*) <null> (liboriginChecks.so+0xd481) (BuildId: a6e4323a364e79bf1125e4b6955dd3f2cfa6be93)

SUMMARY: ThreadSanitizer: data race (<unknown module>) 
==================
Process 1 finished. Sums: sum1 = 1325, sum2 = 9900
Process 2 finished. Sums: sum1 = 300, sum2 = 14850
Process 0 finished. Sums: sum1 = 3725, sum2 = 7400
[MUST-REPORT] MUST detected no MPI usage errors nor any suspicious behavior during this application run.
ThreadSanitizer: reported 1 warnings
[MUST] Execution finished.
