[MUST] Unknown environment option MUST_DISABLE_TSAN_ONREPORT=1 is ignored
[MUST] MUST configuration ... distributed checks without application crash handling
[MUST] Information: overwritting old intermediate data in directory "/tmp/tmp.XcoL1tCUJh"!
[MUST] Using prebuilt infrastructure at /home/yo30qaqy/.cache/must/prebuilds/651129c018b63f1b57587bcde7b7ece3
[MUST] Weaver ... success
[MUST] Generating P^nMPI configuration ... success
[MUST] Infrastructure in "/home/yo30qaqy/.cache/must/prebuilds/651129c018b63f1b57587bcde7b7ece3" is present and used.
[MUST] Search for linked P^nMPI ... not found ... using LD_PRELOAD to load P^nMPI ... success
[MUST] Note: Full ThreadSanitizer support requires the application to be built with either a GNU-based compiler in version 9 to 11 or an LLVM-based compiler in version 6 or later.
[MUST] Note: MPI RMA support requires the application to be built with Clang >= 15.
[MUST] Executing application:
/usr/bin/llvm-symbolizer-19: error: '/dev/shm/osc_sm.logc0002.be460001.0.11 (deleted)': No such file or directory
==================
[1m[31mWARNING: ThreadSanitizer: data race (pid=2066747)
[1m[0m[1m[34m  Write of size 8 at 0x7f0e18b01000 by thread T4:
[1m[0m    #0 <null> <null> (0xfe1c358aa0c1)
    #1 <null> <null> (0xfffffffffffffff)
    #2 <null> <null> (0x00000fffffff)
    #3 <null> <null> (0x000100000000)
    #4 <null> <null> (0x000100000006)
    #5 main /home/yo30qaqy/data-race-detection-benchmark-suite/results-20250730-140308/MUST/static/037-MPI-static-loop-array-bounds-local-yes.c:42:9 (037-MPI-static-loop-array-bounds-local-yes.c.exe-must+0xe67bd) (BuildId: b3fda7134906b51e079958baa9c981e03b3e5302)

[1m[34m  Previous write of size 4 at 0x7f0e18b01004 by main thread:
[1m[0m    #0 main /home/yo30qaqy/data-race-detection-benchmark-suite/results-20250730-140308/MUST/static/037-MPI-static-loop-array-bounds-local-yes.c:45:25 (037-MPI-static-loop-array-bounds-local-yes.c.exe-must+0xe67e6) (BuildId: b3fda7134906b51e079958baa9c981e03b3e5302)

[1m[32m  Location is global '??' at 0x7f0e18b00000 (osc_sm.logc0002.be460001.0.11 (deleted)+0x1000)

[1m[0m[1m[36m  Thread T4 'RMAFiber' (tid=0, running) created by thread T3 at:
[1m[0m    #0 must::OriginChecks::OriginChecks(char const*) <null> (liboriginChecks.so+0xd481) (BuildId: a6e4323a364e79bf1125e4b6955dd3f2cfa6be93)

SUMMARY: ThreadSanitizer: data race (<unknown module>) 
==================
Process 1 finished. Array element = 1.
Process 0 finished. Array element = 1.
[MUST-REPORT] MUST detected no MPI usage errors nor any suspicious behavior during this application run.
ThreadSanitizer: reported 1 warnings
[MUST] Execution finished.
