[MUST] Unknown environment option MUST_DISABLE_TSAN_ONREPORT=1 is ignored
[MUST] MUST configuration ... distributed checks without application crash handling
[MUST] Information: overwritting old intermediate data in directory "/tmp/tmp.iQhBrXDn1v"!
[MUST] Using prebuilt infrastructure at /home/yo30qaqy/.cache/must/prebuilds/752224b6452974e853065e8ca52c91ce
[MUST] Weaver ... success
[MUST] Generating P^nMPI configuration ... success
[MUST] Infrastructure in "/home/yo30qaqy/.cache/must/prebuilds/752224b6452974e853065e8ca52c91ce" is present and used.
[MUST] Search for linked P^nMPI ... not found ... using LD_PRELOAD to load P^nMPI ... success
[MUST] Note: Full ThreadSanitizer support requires the application to be built with either a GNU-based compiler in version 9 to 11 or an LLVM-based compiler in version 6 or later.
[MUST] Note: MPI RMA support requires the application to be built with Clang >= 15.
[MUST] Executing application:
*buf is 0
/usr/bin/llvm-symbolizer-19: error: '[stack]': No such file or directory
==================
[1m[31mWARNING: ThreadSanitizer: data race (pid=2193251)
[1m[0m[1m[34m  Write of size 4 at 0x7ffd9a65cd50 by thread T4:
[1m[0m    #0 <null> <null> (0xfe9c70e2e0c1)
    #1 <null> <null> (0xfffffffffffffff)
    #2 <null> <null> (0x00000fffffff)
    #3 <null> <null> (0x000100000000)
    #4 <null> <null> (0x000100000006)
    #5 deeeeeeeeep /home/yo30qaqy/data-race-detection-benchmark-suite/results-20250730-140308/SPMDIR-MUST/static/002-MPI-static-get-load-deep-nesting-local-yes.c:13:5 (002-MPI-static-get-load-deep-nesting-local-yes.c.exe-must+0xe67a1) (BuildId: db1c177ef95208b41172952dbd3a91f2ffceda41)

[1m[34m  Previous read of size 4 at 0x7ffd9a65cd50 by main thread:
[1m[0m    #0 rank0 /home/yo30qaqy/data-race-detection-benchmark-suite/results-20250730-140308/SPMDIR-MUST/static/002-MPI-static-get-load-deep-nesting-local-yes.c:28:28 (002-MPI-static-get-load-deep-nesting-local-yes.c.exe-must+0xe69bd) (BuildId: db1c177ef95208b41172952dbd3a91f2ffceda41)
    #1 main /home/yo30qaqy/data-race-detection-benchmark-suite/results-20250730-140308/SPMDIR-MUST/static/002-MPI-static-get-load-deep-nesting-local-yes.c:61:9 (002-MPI-static-get-load-deep-nesting-local-yes.c.exe-must+0xe6ae9) (BuildId: db1c177ef95208b41172952dbd3a91f2ffceda41)

[1m[32m  Location is stack of main thread.

[1m[0m[1m[32m  Location is global '??' at 0x7ffd9a63d000 ([stack]+0x1fd50)

[1m[0m[1m[36m  Thread T4 'RMAFiber' (tid=0, running) created by thread T3 at:
[1m[0m    #0 must::OriginChecks::OriginChecks(char const*) <null> (liboriginChecks.so+0xd481) (BuildId: a6e4323a364e79bf1125e4b6955dd3f2cfa6be93)

SUMMARY: ThreadSanitizer: data race (<unknown module>) 
==================
Process 0: Execution finished, variable contents: value = 0, value2 = 2, win_base[0] = 0
Process 1: Execution finished, variable contents: value = 1, value2 = 2, win_base[0] = 0
[MUST-REPORT] MUST detected no MPI usage errors nor any suspicious behavior during this application run.
ThreadSanitizer: reported 1 warnings
[MUST] Execution finished.
