[MUST] Unknown environment option MUST_DISABLE_TSAN_ONREPORT=1 is ignored
[MUST] MUST configuration ... distributed checks without application crash handling
[MUST] Information: overwritting old intermediate data in directory "/tmp/tmp.CLrLHVAnAD"!
[MUST] Using prebuilt infrastructure at /home/yo30qaqy/.cache/must/prebuilds/752224b6452974e853065e8ca52c91ce
[MUST] Weaver ... success
[MUST] Generating P^nMPI configuration ... success
[MUST] Infrastructure in "/home/yo30qaqy/.cache/must/prebuilds/752224b6452974e853065e8ca52c91ce" is present and used.
[MUST] Search for linked P^nMPI ... not found ... using LD_PRELOAD to load P^nMPI ... success
[MUST] Note: Full ThreadSanitizer support requires the application to be built with either a GNU-based compiler in version 9 to 11 or an LLVM-based compiler in version 6 or later.
[MUST] Note: MPI RMA support requires the application to be built with Clang >= 15.
[MUST] Executing application:
/usr/bin/llvm-symbolizer-19: error: '[stack]': No such file or directory
==================
[1m[31mWARNING: ThreadSanitizer: data race (pid=2212574)
[1m[0m[1m[34m  Read of size 4 at 0x7ffd5df17f64 by thread T4:
[1m[0m    #0 <null> <null> (0xffe4157a91d1)
    #1 <null> <null> (0xfffffffffffffff)
    #2 <null> <null> (0x00000fffffff)
    #3 <null> <null> (0x000100000000)
    #4 <null> <null> (0x000100000006)
    #5 main /home/yo30qaqy/data-race-detection-benchmark-suite/results-20250730-140308/SPMDIR-MUST/static/036-MPI-static-index-loop-local-yes.c:43:13 (036-MPI-static-index-loop-local-yes.c.exe-must+0xe68a5) (BuildId: baedc59e783b5a2c193425f3e2f83e4553d7d561)

[1m[34m  Previous write of size 4 at 0x7ffd5df17f64 by main thread:
[1m[0m    #0 main /home/yo30qaqy/data-race-detection-benchmark-suite/results-20250730-140308/SPMDIR-MUST/static/036-MPI-static-index-loop-local-yes.c:45:26 (036-MPI-static-index-loop-local-yes.c.exe-must+0xe68e0) (BuildId: baedc59e783b5a2c193425f3e2f83e4553d7d561)

[1m[32m  Location is stack of main thread.

[1m[0m[1m[32m  Location is global '??' at 0x7ffd5def8000 ([stack]+0x1ff64)

[1m[0m[1m[36m  Thread T4 'RMAFiber' (tid=0, running) created by thread T3 at:
[1m[0m    #0 must::OriginChecks::OriginChecks(char const*) <null> (liboriginChecks.so+0xd481) (BuildId: a6e4323a364e79bf1125e4b6955dd3f2cfa6be93)

SUMMARY: ThreadSanitizer: data race (<unknown module>) 
==================
==================
[1m[31mWARNING: ThreadSanitizer: data race (pid=2212574)
[1m[0m[1m[34m  Read of size 4 at 0x7ffd5df17f68 by thread T5:
[1m[0m    #0 <null> <null> (0xffe4157a91d1)
    #1 <null> <null> (0xfffffffffffffff)
    #2 <null> <null> (0x00000fffffff)
    #3 <null> <null> (0x000100000000)
    #4 <null> <null> (0x000200000006)
    #5 main /home/yo30qaqy/data-race-detection-benchmark-suite/results-20250730-140308/SPMDIR-MUST/static/036-MPI-static-index-loop-local-yes.c:43:13 (036-MPI-static-index-loop-local-yes.c.exe-must+0xe68a5) (BuildId: baedc59e783b5a2c193425f3e2f83e4553d7d561)

[1m[34m  Previous write of size 4 at 0x7ffd5df17f68 by main thread:
[1m[0m    #0 main /home/yo30qaqy/data-race-detection-benchmark-suite/results-20250730-140308/SPMDIR-MUST/static/036-MPI-static-index-loop-local-yes.c:45:26 (036-MPI-static-index-loop-local-yes.c.exe-must+0xe68e0) (BuildId: baedc59e783b5a2c193425f3e2f83e4553d7d561)

[1m[32m  Location is stack of main thread.

[1m[0m[1m[32m  Location is global '??' at 0x7ffd5def8000 ([stack]+0x1ff68)

[1m[0m[1m[36m  Thread T5 'RMAFiber' (tid=0, running) created by thread T3 at:
[1m[0m    #0 must::OriginChecks::OriginChecks(char const*) <null> (liboriginChecks.so+0xd481) (BuildId: a6e4323a364e79bf1125e4b6955dd3f2cfa6be93)

SUMMARY: ThreadSanitizer: data race (<unknown module>) 
==================
==================
[1m[31mWARNING: ThreadSanitizer: data race (pid=2212574)
[1m[0m[1m[34m  Read of size 4 at 0x7ffd5df17f70 by thread T7:
[1m[0m    #0 <null> <null> (0xffe4157a91d1)
    #1 <null> <null> (0xfffffffffffffff)
    #2 <null> <null> (0x00000fffffff)
    #3 <null> <null> (0x000100000000)
    #4 <null> <null> (0x000400000006)
    #5 main /home/yo30qaqy/data-race-detection-benchmark-suite/results-20250730-140308/SPMDIR-MUST/static/036-MPI-static-index-loop-local-yes.c:43:13 (036-MPI-static-index-loop-local-yes.c.exe-must+0xe68a5) (BuildId: baedc59e783b5a2c193425f3e2f83e4553d7d561)

[1m[34m  Previous write of size 4 at 0x7ffd5df17f70 by main thread:
[1m[0m    #0 main /home/yo30qaqy/data-race-detection-benchmark-suite/results-20250730-140308/SPMDIR-MUST/static/036-MPI-static-index-loop-local-yes.c:45:26 (036-MPI-static-index-loop-local-yes.c.exe-must+0xe68e0) (BuildId: baedc59e783b5a2c193425f3e2f83e4553d7d561)

[1m[32m  Location is stack of main thread.

[1m[0m[1m[32m  Location is global '??' at 0x7ffd5def8000 ([stack]+0x1ff70)

[1m[0m[1m[36m  Thread T7 'RMAFiber' (tid=0, running) created by thread T3 at:
[1m[0m    #0 must::OriginChecks::OriginChecks(char const*) <null> (liboriginChecks.so+0xd481) (BuildId: a6e4323a364e79bf1125e4b6955dd3f2cfa6be93)

SUMMARY: ThreadSanitizer: data race (<unknown module>) 
==================
==================
[1m[31mWARNING: ThreadSanitizer: data race (pid=2212574)
[1m[0m[1m[34m  Read of size 4 at 0x7ffd5df17f78 by thread T9:
[1m[0m    #0 <null> <null> (0xffe4157a91d1)
    #1 <null> <null> (0xfffffffffffffff)
    #2 <null> <null> (0x00000fffffff)
    #3 <null> <null> (0x000100000000)
    #4 <null> <null> (0x000600000006)
    #5 main /home/yo30qaqy/data-race-detection-benchmark-suite/results-20250730-140308/SPMDIR-MUST/static/036-MPI-static-index-loop-local-yes.c:43:13 (036-MPI-static-index-loop-local-yes.c.exe-must+0xe68a5) (BuildId: baedc59e783b5a2c193425f3e2f83e4553d7d561)

[1m[34m  Previous write of size 4 at 0x7ffd5df17f78 by main thread:
[1m[0m    #0 main /home/yo30qaqy/data-race-detection-benchmark-suite/results-20250730-140308/SPMDIR-MUST/static/036-MPI-static-index-loop-local-yes.c:45:26 (036-MPI-static-index-loop-local-yes.c.exe-must+0xe68e0) (BuildId: baedc59e783b5a2c193425f3e2f83e4553d7d561)

[1m[32m  Location is stack of main thread.

[1m[0m[1m[32m  Location is global '??' at 0x7ffd5def8000 ([stack]+0x1ff78)

[1m[0m[1m[36m  Thread T9 'RMAFiber' (tid=0, running) created by thread T3 at:
[1m[0m    #0 must::OriginChecks::OriginChecks(char const*) <null> (liboriginChecks.so+0xd481) (BuildId: a6e4323a364e79bf1125e4b6955dd3f2cfa6be93)

SUMMARY: ThreadSanitizer: data race (<unknown module>) 
==================
==================
[1m[31mWARNING: ThreadSanitizer: data race (pid=2212574)
[1m[0m[1m[34m  Read of size 4 at 0x7ffd5df17f80 by thread T11:
[1m[0m    #0 <null> <null> (0xffe4157a91d1)
    #1 <null> <null> (0xfffffffffffffff)
    #2 <null> <null> (0x00000fffffff)
    #3 <null> <null> (0x000100000000)
    #4 <null> <null> (0x000800000006)
    #5 main /home/yo30qaqy/data-race-detection-benchmark-suite/results-20250730-140308/SPMDIR-MUST/static/036-MPI-static-index-loop-local-yes.c:43:13 (036-MPI-static-index-loop-local-yes.c.exe-must+0xe68a5) (BuildId: baedc59e783b5a2c193425f3e2f83e4553d7d561)

[1m[34m  Previous write of size 4 at 0x7ffd5df17f80 by main thread:
[1m[0m    #0 main /home/yo30qaqy/data-race-detection-benchmark-suite/results-20250730-140308/SPMDIR-MUST/static/036-MPI-static-index-loop-local-yes.c:45:26 (036-MPI-static-index-loop-local-yes.c.exe-must+0xe68e0) (BuildId: baedc59e783b5a2c193425f3e2f83e4553d7d561)

[1m[32m  Location is stack of main thread.

[1m[0m[1m[32m  Location is global '??' at 0x7ffd5def8000 ([stack]+0x1ff80)

[1m[0m[1m[36m  Thread T11 'RMAFiber' (tid=0, running) created by thread T3 at:
[1m[0m    #0 must::OriginChecks::OriginChecks(char const*) <null> (liboriginChecks.so+0xd481) (BuildId: a6e4323a364e79bf1125e4b6955dd3f2cfa6be93)

SUMMARY: ThreadSanitizer: data race (<unknown module>) 
==================
Process 0: Execution finished, variable contents: win_base = 0, localbuf = 1
Process 1: Execution finished, variable contents: win_base = 0, localbuf = 0
[MUST-REPORT] MUST detected no MPI usage errors nor any suspicious behavior during this application run.
ThreadSanitizer: reported 5 warnings
[MUST] Execution finished.
