[MUST] Unknown environment option MUST_DISABLE_TSAN_ONREPORT=1 is ignored
[MUST] MUST configuration ... distributed checks without application crash handling
[MUST] Information: overwritting old intermediate data in directory "/tmp/tmp.DQ4odzb0lZ"!
[MUST] Using prebuilt infrastructure at /home/yo30qaqy/.cache/must/prebuilds/651129c018b63f1b57587bcde7b7ece3
[MUST] Weaver ... success
[MUST] Generating P^nMPI configuration ... success
[MUST] Infrastructure in "/home/yo30qaqy/.cache/must/prebuilds/651129c018b63f1b57587bcde7b7ece3" is present and used.
[MUST] Search for linked P^nMPI ... not found ... using LD_PRELOAD to load P^nMPI ... success
[MUST] Note: Full ThreadSanitizer support requires the application to be built with either a GNU-based compiler in version 9 to 11 or an LLVM-based compiler in version 6 or later.
[MUST] Note: MPI RMA support requires the application to be built with Clang >= 15.
[MUST] Executing application:
/usr/bin/llvm-symbolizer-19: error: '/dev/shm/osc_sm.logc0002.795c0001.0.12 (deleted)': No such file or directory
==================
[1m[31mWARNING: ThreadSanitizer: data race (pid=2024656)
[1m[0m[1m[34m  Write of size 8 at 0x7f2747b02000 by thread T5:
[1m[0m    #0 <null> <null> (0xfe4e948840c1)
    #1 <null> <null> (0xfffffffffffffff)
    #2 <null> <null> (0x00000fffffff)
    #3 <null> <null> (0x000100000000)
    #4 <null> <null> (0x000200000009)
    #5 main /home/yo30qaqy/data-race-detection-benchmark-suite/results-20250730-140308/MUST/dynamic/007-MPI-dynamic-win-in-array-local-yes.c:43:9 (007-MPI-dynamic-win-in-array-local-yes.c.exe-must+0xe687e) (BuildId: 4af772d726c5f6e1446fe2f758d388409286fc9a)

[1m[34m  Previous write of size 8 at 0x7f2747b02000 by thread T4:
[1m[0m    #0 <null> <null> (0x7e4e948840c1)
    #1 <null> <null> (0xfffffffffffffff)
    #2 <null> <null> (0x00000fffffff)
    #3 <null> <null> (0x000100000000)
    #4 <null> <null> (0x000100000007)
    #5 main /home/yo30qaqy/data-race-detection-benchmark-suite/results-20250730-140308/MUST/dynamic/007-MPI-dynamic-win-in-array-local-yes.c:40:9 (007-MPI-dynamic-win-in-array-local-yes.c.exe-must+0xe682a) (BuildId: 4af772d726c5f6e1446fe2f758d388409286fc9a)

[1m[32m  Location is global '??' at 0x7f2747b01000 (osc_sm.logc0002.795c0001.0.12 (deleted)+0x1000)

[1m[0m[1m[36m  Thread T5 'RMAFiber' (tid=0, running) created by thread T3 at:
[1m[0m    #0 must::OriginChecks::OriginChecks(char const*) <null> (liboriginChecks.so+0xd481) (BuildId: a6e4323a364e79bf1125e4b6955dd3f2cfa6be93)

[1m[36m  Thread T4 'RMAFiber' (tid=0, running) created by thread T3 at:
[1m[0m    #0 must::OriginChecks::OriginChecks(char const*) <null> (liboriginChecks.so+0xd481) (BuildId: a6e4323a364e79bf1125e4b6955dd3f2cfa6be93)

SUMMARY: ThreadSanitizer: data race (<unknown module>) 
==================
Process 1 finished. Sums: sum0 = 9900, sum1 = 0
Process 0 finished. Sums: sum0 = 4950, sum1 = 7450
[MUST-REPORT] Error: from: call MPI_Win_allocate@0-1: There are 2 windows that are not freed when MPI_Finalize was issued, a quality application should free all MPI resources before calling MPI_Finalize. Listing information for these windows:
[MUST-REPORT] 
[MUST-REPORT]  -Window 1: Window created at reference  1 size=2
[MUST-REPORT] 
[MUST-REPORT]  -Window 2: Window created at reference  2 size=2
[MUST-REPORT] Representative location:
[MUST-REPORT] main at /home/yo30qaqy/data-race-detection-benchmark-suite/results-20250730-140308/MUST/dynamic/007-MPI-dynamic-win-in-array-local-yes.c:29
[MUST-REPORT] 
[MUST-REPORT] References of a representative process:
[MUST-REPORT] Reference 1: call MPI_Win_allocate@rank 1, threadid 1;main at /home/yo30qaqy/data-race-detection-benchmark-suite/results-20250730-140308/MUST/dynamic/007-MPI-dynamic-win-in-array-local-yes.c:29
[MUST-REPORT] 
[MUST-REPORT] Reference 2: call MPI_Win_allocate@rank 1, threadid 1;main at /home/yo30qaqy/data-race-detection-benchmark-suite/results-20250730-140308/MUST/dynamic/007-MPI-dynamic-win-in-array-local-yes.c:28
[MUST-REPORT] 
[MUST-REPORT] 
ThreadSanitizer: reported 1 warnings
[MUST] Execution finished.
