[MUST] Unknown environment option MUST_DISABLE_TSAN_ONREPORT=1 is ignored
[MUST] MUST configuration ... distributed checks without application crash handling
[MUST] Information: overwritting old intermediate data in directory "/tmp/tmp.qTZXZlDSvF"!
[MUST] Using prebuilt infrastructure at /home/yo30qaqy/.cache/must/prebuilds/5dea4e371384d15a125b8f9f8c610645
[MUST] Weaver ... success
[MUST] Generating P^nMPI configuration ... success
[MUST] Infrastructure in "/home/yo30qaqy/.cache/must/prebuilds/5dea4e371384d15a125b8f9f8c610645" is present and used.
[MUST] Search for linked P^nMPI ... not found ... using LD_PRELOAD to load P^nMPI ... success
[MUST] Note: Full ThreadSanitizer support requires the application to be built with either a GNU-based compiler in version 9 to 11 or an LLVM-based compiler in version 6 or later.
[MUST] Note: MPI RMA support requires the application to be built with Clang >= 15.
[MUST] Executing application:
value is 0
Process 0: Execution finished, variable contents: value = 0, value2 = 2, win_base[0] = 0
Process 1: Execution finished, variable contents: value = 1, value2 = 2, win_base[0] = 0
[MUST-REPORT] Error: from: call MPI_Comm_group@0-1: There are 1 groups that are not freed when MPI_Finalize was issued, a quality application should free all MPI resources before calling MPI_Finalize. Listing information for these groups:
[MUST-REPORT] 
[MUST-REPORT]  -Group 1: Group created at reference  1 size=2
[MUST-REPORT] Representative location:
[MUST-REPORT] main at /home/yo30qaqy/data-race-detection-benchmark-suite/results-20250730-140308/CoVer-MUST/sync/012-MPI-sync-pscw-local-no.c:37
[MUST-REPORT] 
[MUST-REPORT] References of a representative process:
[MUST-REPORT] Reference 1: call MPI_Comm_group@rank 0, threadid 1;main at /home/yo30qaqy/data-race-detection-benchmark-suite/results-20250730-140308/CoVer-MUST/sync/012-MPI-sync-pscw-local-no.c:37
[MUST-REPORT] 
[MUST-REPORT] 
[MUST] Execution finished.
